2025-08-18 16:38:07,693 - INFO - Starting verification for emp_002
2025-08-18 16:38:10,182 - INFO - emp_002 - Stored embedding computed in 2.395 sec
2025-08-18 16:38:12,606 - INFO - emp_002 - Input embedding computed in 2.424 sec
2025-08-18 16:38:12,614 - INFO - emp_002 - Verification completed in 4.921 sec | Result: True, Similarity: 0.6462
2025-08-18 16:40:51,160 - INFO - Starting verification for emp_002
2025-08-18 16:40:53,707 - INFO - Precomputed embedding for emp_001
2025-08-18 16:40:56,174 - INFO - Precomputed embedding for emp_002
2025-08-18 16:41:00,690 - INFO - Precomputed embedding for emp_003
2025-08-18 16:41:03,081 - INFO - emp_002 - Input embedding computed in 2.371 sec
2025-08-18 16:41:03,081 - INFO - emp_002 - Verification completed in 11.921 sec | Result: True, Similarity: 0.6868
2025-08-18 16:41:22,830 - INFO - Starting verification for emp_002
2025-08-18 16:41:25,240 - INFO - emp_002 - Input embedding computed in 2.406 sec
2025-08-18 16:41:25,254 - INFO - emp_002 - Verification completed in 2.424 sec | Result: True, Similarity: 1.0000
2025-08-18 16:56:13,443 - INFO - Starting verification for emp_002
2025-08-18 16:56:13,924 - INFO - emp_002 - Stored embedding computed in 0.432 sec
2025-08-18 16:56:14,349 - INFO - emp_002 - Input embedding computed in 0.425 sec
2025-08-18 16:56:14,349 - INFO - emp_002 - Verification completed in 0.906 sec | Result: True, Similarity: 0.7126
2025-08-18 16:56:46,472 - INFO - Starting verification for emp_002
2025-08-18 16:56:46,942 - INFO - emp_002 - Stored embedding computed in 0.423 sec
2025-08-18 16:56:47,668 - INFO - emp_002 - Input embedding computed in 0.726 sec
2025-08-18 16:56:47,668 - INFO - emp_002 - Verification completed in 1.196 sec | Result: True, Similarity: 0.6719
2025-08-19 09:45:37,028 - INFO - Starting verification for emp_002
2025-08-19 09:45:37,439 - INFO - Looking for employee folder: employees\emp_002
2025-08-19 09:45:38,273 - INFO - emp_002 - Compared with pic_1_emp_002.jpeg | Similarity: 0.7030
2025-08-19 09:45:38,679 - INFO - emp_002 - Compared with pic_2_emp_002.jpeg | Similarity: 0.7113
2025-08-19 09:45:39,108 - INFO - emp_002 - Compared with pic_3_emp_002.jpeg | Similarity: 0.5909
2025-08-19 09:45:39,813 - INFO - emp_002 - Compared with pic_4_emp_002.jpeg | Similarity: 0.7220
2025-08-19 09:45:39,813 - INFO - emp_002 - Verification PASSED in 2.785 sec | Best Similarity: 0.7220
2025-08-19 09:52:56,257 - INFO - Starting verification for emp_002
2025-08-19 09:52:56,359 - WARNING - emp_002 - No face detected in input image
2025-08-19 09:53:53,271 - INFO - Starting verification for emp_002
2025-08-19 09:53:53,384 - WARNING - emp_002 - No face detected in input image
2025-08-19 09:55:48,348 - INFO - Starting verification for emp_002
2025-08-19 09:55:48,468 - WARNING - emp_002 - No face detected in input image
2025-08-19 09:59:36,657 - INFO - Starting verification for emp_002
2025-08-19 09:59:36,780 - WARNING - emp_002 - No face detected in input image | Time: 0.124 sec
2025-08-19 10:00:15,071 - INFO - Starting verification for emp_002
2025-08-19 10:00:15,481 - INFO - Looking for employee folder: employees\emp_002
2025-08-19 10:00:16,187 - INFO - emp_002 - Compared with pic_1_emp_002.jpeg | Similarity: 0.6591
2025-08-19 10:00:16,606 - INFO - emp_002 - Compared with pic_2_emp_002.jpeg | Similarity: 0.6623
2025-08-19 10:00:16,998 - INFO - emp_002 - Compared with pic_3_emp_002.jpeg | Similarity: 0.5665
2025-08-19 10:00:17,682 - INFO - emp_002 - Compared with pic_4_emp_002.jpeg | Similarity: 0.6629
2025-08-19 10:00:17,682 - INFO - emp_002 - Verification PASSED in 2.610 sec | Best Similarity: 0.6629
2025-08-19 10:47:26,180 - INFO - Starting verification for emp_002
2025-08-19 10:47:26,625 - INFO - Looking for employee folder: employees\emp_002
2025-08-19 10:47:27,315 - INFO - emp_002 - Compared with pic_1_emp_002.jpeg | Similarity: 0.0997
2025-08-19 10:47:27,804 - INFO - emp_002 - Compared with pic_2_emp_002.jpeg | Similarity: 0.1099
2025-08-19 10:47:28,216 - INFO - emp_002 - Compared with pic_3_emp_002.jpeg | Similarity: 0.1293
2025-08-19 10:47:29,019 - INFO - emp_002 - Compared with pic_4_emp_002.jpeg | Similarity: 0.0864
2025-08-19 10:47:29,019 - INFO - emp_002 - Verification FAILED in 2.839 sec | Best Similarity: 0.1293
2025-08-19 10:48:07,472 - INFO - Starting verification for emp_002
2025-08-19 10:48:07,594 - WARNING - emp_002 - No face detected in input image | Time: 0.122 sec
2025-08-19 11:09:42,898 - INFO - Starting verification for emp_002
2025-08-19 11:09:43,308 - INFO - Looking for employee folder: employees\emp_002
2025-08-19 11:09:44,035 - INFO - emp_002 - Compared with pic_1_emp_002.jpeg | Similarity: 0.6223
2025-08-19 11:09:44,481 - INFO - emp_002 - Compared with pic_2_emp_002.jpeg | Similarity: 0.5732
2025-08-19 11:09:44,940 - INFO - emp_002 - Compared with pic_3_emp_002.jpeg | Similarity: 0.5404
2025-08-19 11:09:45,714 - INFO - emp_002 - Compared with pic_4_emp_002.jpeg | Similarity: 0.6263
2025-08-19 11:09:45,714 - INFO - emp_002 - Verification FAILED in 2.817 sec | Best Similarity: 0.6263
2025-08-19 11:10:00,514 - INFO - Starting verification for emp_002
2025-08-19 11:10:00,988 - INFO - Looking for employee folder: employees\emp_002
2025-08-19 11:10:01,581 - INFO - emp_002 - Compared with pic_1_emp_002.jpeg | Similarity: 0.7001
2025-08-19 11:10:02,026 - INFO - emp_002 - Compared with pic_2_emp_002.jpeg | Similarity: 0.6841
2025-08-19 11:10:02,488 - INFO - emp_002 - Compared with pic_3_emp_002.jpeg | Similarity: 0.5908
2025-08-19 11:10:03,181 - INFO - emp_002 - Compared with pic_4_emp_002.jpeg | Similarity: 0.6799
2025-08-19 11:10:03,181 - INFO - emp_002 - Verification PASSED in 2.666 sec | Best Similarity: 0.7001
2025-08-19 11:27:02,545 - INFO - Starting verification for emp_002
2025-08-19 11:27:02,960 - INFO - Looking for employee folder: employees\emp_002
2025-08-19 11:27:03,752 - INFO - emp_002 - Compared with pic_1_emp_002.jpeg | Similarity: 0.7236
2025-08-19 11:27:04,166 - INFO - emp_002 - Compared with pic_2_emp_002.jpeg | Similarity: 0.6977
2025-08-19 11:27:04,595 - INFO - emp_002 - Compared with pic_3_emp_002.jpeg | Similarity: 0.6056
2025-08-19 11:27:05,332 - INFO - emp_002 - Compared with pic_4_emp_002.jpeg | Similarity: 0.7091
2025-08-19 11:27:05,333 - INFO - emp_002 - Verification PASSED in 2.788 sec | Best Similarity: 0.7236
2025-08-19 11:27:20,464 - INFO - Starting verification for emp_002
2025-08-19 11:27:20,885 - INFO - Looking for employee folder: employees\emp_002
2025-08-19 11:27:21,591 - INFO - emp_002 - Compared with pic_1_emp_002.jpeg | Similarity: 0.7534
2025-08-19 11:27:22,013 - INFO - emp_002 - Compared with pic_2_emp_002.jpeg | Similarity: 0.7179
2025-08-19 11:27:22,435 - INFO - emp_002 - Compared with pic_3_emp_002.jpeg | Similarity: 0.6079
2025-08-19 11:27:23,139 - INFO - emp_002 - Compared with pic_4_emp_002.jpeg | Similarity: 0.7307
2025-08-19 11:27:23,139 - INFO - emp_002 - Verification PASSED in 2.675 sec | Best Similarity: 0.7534
2025-08-19 11:27:33,490 - INFO - Starting verification for emp_002
2025-08-19 11:27:33,895 - INFO - Looking for employee folder: employees\emp_002
2025-08-19 11:27:34,589 - INFO - emp_002 - Compared with pic_1_emp_002.jpeg | Similarity: 0.6989
2025-08-19 11:27:35,022 - INFO - emp_002 - Compared with pic_2_emp_002.jpeg | Similarity: 0.7193
2025-08-19 11:27:35,434 - INFO - emp_002 - Compared with pic_3_emp_002.jpeg | Similarity: 0.5932
2025-08-19 11:27:36,151 - INFO - emp_002 - Compared with pic_4_emp_002.jpeg | Similarity: 0.6880
2025-08-19 11:27:36,151 - INFO - emp_002 - Verification PASSED in 2.664 sec | Best Similarity: 0.7193
2025-08-19 12:58:41,783 - INFO - Precomputed 1 embeddings for emp_001
2025-08-19 12:58:44,006 - INFO - Precomputed 4 embeddings for emp_002
2025-08-19 12:58:44,809 - INFO - Precomputed 1 embeddings for emp_003
2025-08-19 12:58:44,809 - INFO - Finished precomputing embeddings in 3.457 sec
2025-08-19 12:58:55,146 - INFO - Precomputed 1 embeddings for emp_001
2025-08-19 12:58:57,535 - INFO - Precomputed 4 embeddings for emp_002
2025-08-19 12:58:58,383 - INFO - Precomputed 1 embeddings for emp_003
2025-08-19 12:58:58,385 - INFO - Finished precomputing embeddings in 3.688 sec
2025-08-19 12:59:06,608 - INFO - Precomputed 1 embeddings for emp_001
2025-08-19 12:59:08,880 - INFO - Precomputed 4 embeddings for emp_002
2025-08-19 12:59:09,688 - INFO - Precomputed 1 embeddings for emp_003
2025-08-19 12:59:09,689 - INFO - Finished precomputing embeddings in 3.511 sec
2025-08-19 12:59:09,696 - INFO - Starting verification for emp_002
2025-08-19 12:59:10,117 - INFO - emp_002 - Verification PASSED in 0.421 sec | Best Similarity: 0.7419
2025-08-19 12:59:36,668 - INFO - Precomputed 1 embeddings for emp_001
2025-08-19 12:59:39,053 - INFO - Precomputed 4 embeddings for emp_002
2025-08-19 12:59:39,904 - INFO - Precomputed 1 embeddings for emp_003
2025-08-19 12:59:39,904 - INFO - Finished precomputing embeddings in 3.662 sec
2025-08-19 12:59:46,359 - INFO - Precomputed 1 embeddings for emp_001
2025-08-19 12:59:48,598 - INFO - Precomputed 4 embeddings for emp_002
2025-08-19 12:59:49,396 - INFO - Precomputed 1 embeddings for emp_003
2025-08-19 12:59:49,396 - INFO - Finished precomputing embeddings in 3.444 sec
2025-08-19 12:59:49,405 - INFO - Starting verification for emp_002
2025-08-19 12:59:49,821 - INFO - emp_002 - Verification PASSED in 0.415 sec | Best Similarity: 0.7631
2025-08-19 13:00:26,953 - INFO - Precomputed 1 embeddings for emp_001
2025-08-19 13:00:29,202 - INFO - Precomputed 4 embeddings for emp_002
2025-08-19 13:00:29,999 - INFO - Precomputed 1 embeddings for emp_003
2025-08-19 13:00:29,999 - INFO - Finished precomputing embeddings in 3.529 sec
2025-08-19 13:00:39,052 - INFO - Precomputed 1 embeddings for emp_001
2025-08-19 13:00:41,242 - INFO - Precomputed 4 embeddings for emp_002
2025-08-19 13:00:42,035 - INFO - Precomputed 1 embeddings for emp_003
2025-08-19 13:00:42,035 - INFO - Finished precomputing embeddings in 3.402 sec
2025-08-19 13:00:42,039 - INFO - Starting verification for emp_002
2025-08-19 13:00:42,465 - INFO - emp_002 - Verification PASSED in 0.427 sec | Best Similarity: 0.7581
2025-08-19 13:00:52,070 - INFO - Precomputed 1 embeddings for emp_001
2025-08-19 13:00:54,393 - INFO - Precomputed 4 embeddings for emp_002
2025-08-19 13:00:55,276 - INFO - Precomputed 1 embeddings for emp_003
2025-08-19 13:00:55,276 - INFO - Finished precomputing embeddings in 3.626 sec
2025-08-19 13:03:23,750 - INFO - Precomputed 1 embeddings for emp_001
2025-08-19 13:03:26,047 - INFO - Precomputed 4 embeddings for emp_002
2025-08-19 13:03:26,873 - INFO - Precomputed 1 embeddings for emp_003
2025-08-19 13:03:26,873 - INFO - Finished precomputing embeddings in 3.533 sec
2025-08-19 13:03:39,045 - INFO - Starting verification for emp_002
2025-08-19 13:03:39,469 - INFO - emp_002 - Verification PASSED in 0.424 sec | Best Similarity: 0.6975
2025-08-19 13:03:49,665 - INFO - Starting verification for emp_002
2025-08-19 13:03:50,071 - INFO - emp_002 - Verification PASSED in 0.406 sec | Best Similarity: 0.6816
2025-08-19 13:04:40,454 - INFO - Starting verification for emp_002
2025-08-19 13:04:41,123 - INFO - emp_002 - Verification FAILED in 0.669 sec | Best Similarity: 0.0280
2025-08-19 13:04:49,678 - INFO - Starting verification for emp_002
2025-08-19 13:04:50,110 - INFO - emp_002 - Verification PASSED in 0.432 sec | Best Similarity: 0.7442
2025-08-19 13:10:48,267 - INFO - Precomputed 1 embeddings for emp_001
2025-08-19 13:10:50,495 - INFO - Precomputed 4 embeddings for emp_002
2025-08-19 13:10:51,266 - INFO - Precomputed 1 embeddings for emp_003
2025-08-19 13:10:51,266 - INFO - Finished precomputing embeddings in 3.438 sec
2025-08-19 13:11:09,591 - INFO - Starting verification for emp_002
2025-08-19 13:11:10,011 - INFO - emp_002 - Verification PARTIAL in 0.420 sec | Best Similarity: 0.7080 | Image: pic_2_emp_002.jpeg
2025-08-19 13:11:36,289 - INFO - Starting verification for emp_002
2025-08-19 13:11:36,708 - INFO - emp_002 - Verification SUCCESS in 0.419 sec | Best Similarity: 0.7080 | Image: pic_2_emp_002.jpeg
2025-08-19 13:16:05,850 - INFO - Starting verification for emp_002
2025-08-19 13:16:06,268 - INFO - emp_002 - Verification SUCCESS in 0.418 sec | Best Similarity: 0.6984 | Image: pic_1_emp_002.jpeg
2025-08-19 13:16:41,948 - INFO - Starting verification for emp_002
2025-08-19 13:16:42,389 - INFO - emp_002 - Verification SUCCESS in 0.440 sec | Best Similarity: 0.7050 | Image: pic_1_emp_002.jpeg
2025-08-19 13:56:47,562 - INFO - Precomputed 1 embeddings for emp_001
2025-08-19 13:56:49,823 - INFO - Precomputed 4 embeddings for emp_002
2025-08-19 13:56:50,656 - INFO - Precomputed 1 embeddings for emp_003
2025-08-19 13:56:50,656 - INFO - Finished precomputing embeddings in 3.520 sec
2025-08-19 13:58:39,794 - INFO - Precomputed 1 embeddings for emp_001
2025-08-19 13:58:41,978 - INFO - Precomputed 4 embeddings for emp_002
2025-08-19 13:58:42,744 - INFO - Precomputed 1 embeddings for emp_003
2025-08-19 13:58:42,744 - INFO - Finished precomputing embeddings in 3.353 sec
2025-08-19 13:58:51,035 - INFO - Precomputed 1 embeddings for emp_001
2025-08-19 13:58:53,402 - INFO - Precomputed 4 embeddings for emp_002
2025-08-19 13:58:54,227 - INFO - Precomputed 1 embeddings for emp_003
2025-08-19 13:58:54,227 - INFO - Finished precomputing embeddings in 3.623 sec
2025-08-19 13:59:10,791 - INFO - Starting verification for emp_002
2025-08-19 13:59:11,214 - INFO - emp_002 - Verification PARTIAL in 0.424 sec | Best Similarity: 0.6792 | Image: pic_2_emp_002.jpeg
2025-08-19 13:59:34,828 - INFO - Starting verification for emp_002
2025-08-19 13:59:35,205 - INFO - emp_002 - Verification PARTIAL in 0.377 sec | Best Similarity: 0.6998 | Image: pic_4_emp_002.jpeg
2025-08-19 13:59:46,393 - INFO - Starting verification for emp_002
2025-08-19 13:59:46,811 - INFO - emp_002 - Verification PARTIAL in 0.417 sec | Best Similarity: 0.6781 | Image: pic_1_emp_002.jpeg
2025-08-19 14:00:20,721 - INFO - Starting verification for emp_002
2025-08-19 14:00:21,436 - INFO - emp_002 - Verification SUCCESS in 0.715 sec | Best Similarity: 0.7267 | Image: pic_1_emp_002.jpeg
2025-08-19 14:13:15,611 - INFO - Starting verification for emp_002
2025-08-19 14:13:16,349 - INFO - emp_002 - Verification SUCCESS in 0.739 sec | Best Similarity: 0.7267 | Image: pic_1_emp_002.jpeg
2025-08-19 14:26:08,610 - INFO - Precomputed 1 embeddings for emp_001
2025-08-19 14:26:10,940 - INFO - Precomputed 4 embeddings for emp_002
2025-08-19 14:26:11,766 - INFO - Precomputed 1 embeddings for emp_003
2025-08-19 14:26:11,766 - INFO - Finished precomputing embeddings in 3.619 sec
2025-08-19 14:26:26,375 - INFO - Starting verification for emp_002
2025-08-19 14:26:26,497 - WARNING - emp_002 - Face not detected in input image
2025-08-19 14:26:34,816 - INFO - Starting verification for emp_002
2025-08-19 14:26:35,257 - INFO - emp_002 - Verification PARTIAL in 0.441 sec | Best Similarity: 0.6992 | Image: pic_1_emp_002.jpeg
2025-08-19 14:28:56,975 - INFO - Precomputed 1 embeddings for emp_001
2025-08-19 14:28:59,261 - INFO - Precomputed 4 embeddings for emp_002
2025-08-19 14:29:00,035 - INFO - Precomputed 1 embeddings for emp_003
2025-08-19 14:29:00,035 - INFO - Finished precomputing embeddings in 3.543 sec
2025-08-19 14:29:13,318 - INFO - Starting verification for emp_002
2025-08-19 14:29:13,726 - INFO - emp_002 - Verification PARTIAL in 0.408 sec | Best Similarity: 0.6924 | Image: pic_4_emp_002.jpeg
2025-08-19 14:30:39,251 - INFO - Precomputed 1 embeddings for emp_001
2025-08-19 14:30:41,495 - INFO - Precomputed 4 embeddings for emp_002
2025-08-19 14:30:42,293 - INFO - Precomputed 1 embeddings for emp_003
2025-08-19 14:30:42,293 - INFO - Finished precomputing embeddings in 3.484 sec
2025-08-19 14:34:04,520 - INFO - Starting verification for emp_002
2025-08-19 14:34:04,967 - INFO - emp_002 - Verification SUCCESS in 0.447 sec | Best Similarity: 0.7024 | Image: pic_2_emp_002.jpeg
2025-08-19 14:36:51,550 - INFO - Precomputed 1 embeddings for emp_001
2025-08-19 14:36:53,758 - INFO - Precomputed 4 embeddings for emp_002
2025-08-19 14:36:54,552 - INFO - Precomputed 1 embeddings for emp_003
2025-08-19 14:36:54,552 - INFO - Finished precomputing embeddings in 3.393 sec
2025-08-19 15:03:49,145 - INFO - Precomputed 1 embeddings for emp_001
2025-08-19 15:03:51,455 - INFO - Precomputed 4 embeddings for emp_002
2025-08-19 15:03:52,301 - INFO - Precomputed 1 embeddings for emp_003
2025-08-19 15:03:52,301 - INFO - Finished precomputing embeddings in 3.627 sec
2025-08-19 15:04:13,421 - INFO - Starting verification for emp_002
2025-08-19 15:04:13,555 - WARNING - emp_002 - Face not detected in input image
2025-08-19 15:14:27,583 - INFO - Precomputed 1 embeddings for emp_001
2025-08-19 15:14:29,785 - INFO - Precomputed 4 embeddings for emp_002
2025-08-19 15:14:30,566 - INFO - Precomputed 1 embeddings for emp_003
2025-08-19 15:14:30,566 - INFO - Finished precomputing embeddings in 3.421 sec
2025-08-19 15:23:39,779 - INFO - Loaded 3 employees’ embeddings from employee_embeddings.pkl
2025-08-19 15:36:27,699 - INFO - Loaded 3 employees’ embeddings from employee_embeddings.pkl
2025-08-19 15:36:40,507 - INFO - Starting verification for emp_002
2025-08-19 15:36:40,946 - INFO - emp_002 - Verification SUCCESS in 0.439 sec | Best Similarity: 0.7105 | Image: pic_4_emp_002.jpeg
2025-08-19 15:53:59,242 - INFO - Loaded 3 employees’ embeddings from employee_embeddings.pkl
2025-08-19 15:54:18,253 - INFO - Starting verification for emp_002
2025-08-19 15:54:20,633 - INFO - emp_002 - Verification PARTIAL in 2.379 sec | Best Similarity: 0.6717 | Image: pic_4_emp_002.jpeg
2025-08-19 15:55:01,316 - INFO - Starting verification for emp_002
2025-08-19 15:55:01,826 - WARNING - emp_002 - Face not detected in input image
2025-08-19 15:55:20,076 - INFO - Starting verification for emp_002
2025-08-19 15:55:22,446 - INFO - emp_002 - Verification PARTIAL in 2.370 sec | Best Similarity: 0.6985 | Image: pic_4_emp_002.jpeg
2025-08-19 15:59:15,154 - INFO - Loaded 3 employees’ embeddings from employee_embeddings.pkl
2025-08-19 15:59:31,305 - INFO - Starting verification for emp_002
2025-08-19 15:59:33,707 - INFO - emp_002 - Verification PARTIAL in 2.402 sec | Best Similarity: 0.6470 | Image: pic_2_emp_002.jpeg
2025-08-19 16:00:04,694 - INFO - Starting verification for emp_002
2025-08-19 16:00:05,186 - WARNING - emp_002 - Face not detected in input image
2025-08-19 16:00:18,670 - INFO - Starting verification for emp_002
2025-08-19 16:00:19,523 - INFO - emp_002 - Verification SUCCESS in 0.853 sec | Best Similarity: 0.7267 | Image: pic_1_emp_002.jpeg
2025-08-19 16:00:44,273 - INFO - Starting verification for emp_002
2025-08-19 16:00:48,594 - INFO - emp_002 - Verification SUCCESS in 4.320 sec | Best Similarity: 0.7267 | Image: pic_1_emp_002.jpeg
2025-08-19 16:00:48,618 - INFO - Starting verification for emp_002
2025-08-19 16:00:50,993 - INFO - emp_002 - Verification SUCCESS in 2.375 sec | Best Similarity: 0.7038 | Image: pic_1_emp_002.jpeg
2025-08-19 16:01:37,889 - INFO - Starting verification for emp_002
2025-08-19 16:01:42,159 - INFO - emp_002 - Verification SUCCESS in 4.270 sec | Best Similarity: 0.7267 | Image: pic_1_emp_002.jpeg
2025-08-19 16:01:49,928 - INFO - Starting verification for emp_002
2025-08-19 16:01:54,258 - INFO - emp_002 - Verification SUCCESS in 4.330 sec | Best Similarity: 0.7267 | Image: pic_1_emp_002.jpeg
2025-08-19 16:01:54,290 - INFO - Starting verification for emp_002
2025-08-19 16:01:56,659 - INFO - emp_002 - Verification SUCCESS in 2.369 sec | Best Similarity: 0.7012 | Image: pic_2_emp_002.jpeg
2025-08-19 16:02:00,576 - INFO - Starting verification for emp_002
2025-08-19 16:02:04,882 - INFO - emp_002 - Verification SUCCESS in 4.307 sec | Best Similarity: 0.7267 | Image: pic_1_emp_002.jpeg
2025-08-19 16:09:58,849 - INFO - Loaded 3 employees’ embeddings from employee_embeddings.pkl
2025-08-19 16:10:16,190 - INFO - Starting verification for emp_002
2025-08-19 16:10:18,561 - INFO - emp_002 - Verification SUCCESS in 2.367 sec | Best Similarity: 0.7269 | Image: pic_2_emp_002.jpeg
2025-08-19 16:47:15,485 - INFO - Loaded 3 employees’ embeddings from employee_embeddings.pkl
2025-08-19 16:47:33,822 - INFO - Starting verification for emp_002
2025-08-19 16:47:36,165 - INFO - emp_002 - Verification SUCCESS in 2.343 sec | Best Similarity: 0.7018 | Image: pic_1_emp_002.jpeg
2025-08-19 16:51:38,437 - INFO - Loaded 3 employees’ embeddings from employee_embeddings.pkl
2025-08-19 16:51:57,641 - INFO - Starting verification for emp_002
2025-08-19 16:51:59,638 - INFO - emp_002 - Verification PARTIAL in 1.997 sec | Best Similarity: 0.6751 | Image: pic_1_emp_002.jpeg
2025-08-19 16:53:47,318 - INFO - Loaded 3 employees’ embeddings from employee_embeddings.pkl
2025-08-19 16:54:05,966 - INFO - Starting verification for emp_002
2025-08-19 16:54:07,998 - INFO - emp_002 - Verification SUCCESS in 2.032 sec | Best Similarity: 0.7011 | Image: pic_2_emp_002.jpeg
2025-08-19 16:54:33,634 - INFO - Starting verification for emp_002
2025-08-19 16:54:35,735 - INFO - emp_002 - Verification SUCCESS in 2.101 sec | Best Similarity: 0.7037 | Image: pic_2_emp_002.jpeg
2025-08-19 16:57:49,365 - INFO - Loaded 3 employees’ embeddings from employee_embeddings.pkl
2025-08-19 16:58:07,004 - INFO - Starting verification for emp_002
2025-08-19 16:58:09,070 - INFO - emp_002 - Verification PARTIAL in 2.065 sec | Best Similarity: 0.6850 | Image: pic_2_emp_002.jpeg
2025-08-19 16:58:28,137 - INFO - Starting verification for emp_002
2025-08-19 16:58:30,214 - INFO - emp_002 - Verification PARTIAL in 2.077 sec | Best Similarity: 0.6488 | Image: pic_4_emp_002.jpeg
2025-08-19 16:58:41,269 - INFO - Starting verification for emp_002
2025-08-19 16:58:43,337 - INFO - emp_002 - Verification SUCCESS in 2.068 sec | Best Similarity: 0.7110 | Image: pic_4_emp_002.jpeg
2025-08-19 17:15:28,714 - INFO - Loaded 3 employees’ embeddings from employee_embeddings.pkl
2025-08-19 17:15:38,864 - INFO - Starting verification for emp_002
2025-08-19 17:15:40,946 - INFO - emp_002 - Verification SUCCESS in 2.082 sec | Best Similarity: 0.7173 | Image: pic_2_emp_002.jpeg
2025-08-19 17:15:48,846 - INFO - Starting verification for emp_002
2025-08-19 17:15:50,875 - INFO - emp_002 - Verification PARTIAL in 2.029 sec | Best Similarity: 0.6732 | Image: pic_4_emp_002.jpeg
2025-08-19 17:19:53,894 - INFO - Loaded 3 employees’ embeddings from employee_embeddings.pkl
2025-08-19 17:20:06,491 - INFO - Starting verification for emp_002
2025-08-19 17:20:08,550 - INFO - emp_002 - Verification SUCCESS in 2.059 sec | Best Similarity: 0.7038 | Image: pic_4_emp_002.jpeg
2025-08-19 17:20:25,101 - INFO - Starting verification for emp_002
2025-08-19 17:20:25,601 - INFO - emp_002 - Verification SUCCESS in 0.500 sec | Best Similarity: 0.7194 | Image: pic_4_emp_002.jpeg
2025-08-19 17:20:34,794 - INFO - Starting verification for emp_002
2025-08-19 17:20:36,822 - INFO - emp_002 - Verification PARTIAL in 2.027 sec | Best Similarity: 0.6736 | Image: pic_2_emp_002.jpeg
2025-08-19 17:20:47,115 - INFO - Starting verification for emp_002
2025-08-19 17:20:47,591 - INFO - emp_002 - Verification PARTIAL in 0.476 sec | Best Similarity: 0.6592 | Image: pic_1_emp_002.jpeg
2025-08-19 17:20:58,069 - INFO - Starting verification for emp_002
2025-08-19 17:20:58,527 - INFO - emp_002 - Verification SUCCESS in 0.457 sec | Best Similarity: 0.7088 | Image: pic_1_emp_002.jpeg
2025-08-19 17:21:49,121 - INFO - Loaded 3 employees’ embeddings from employee_embeddings.pkl
2025-08-19 17:21:58,976 - INFO - Starting verification for emp_002
2025-08-19 17:22:01,027 - INFO - emp_002 - Verification PARTIAL in 2.053 sec | Best Similarity: 0.6848 | Image: pic_1_emp_002.jpeg
2025-08-19 17:22:16,295 - INFO - Starting verification for emp_002
2025-08-19 17:22:16,751 - INFO - emp_002 - Verification PARTIAL in 0.457 sec | Best Similarity: 0.6921 | Image: pic_4_emp_002.jpeg
2025-08-19 17:41:52,470 - INFO - Loaded 3 employees’ embeddings from embeddings.pkl
2025-08-19 17:42:01,529 - INFO - Starting verification for emp_002
2025-08-19 17:42:03,608 - INFO - emp_002 - Verification PARTIAL in 2.079 sec | Best Similarity: 0.6860 | Image: pic_2_emp_002.jpeg
2025-08-19 17:42:20,277 - INFO - Starting verification for emp_002
2025-08-19 17:42:22,292 - INFO - emp_002 - Verification PARTIAL in 2.015 sec | Best Similarity: 0.6598 | Image: pic_2_emp_002.jpeg
2025-08-19 17:44:23,467 - INFO - Loaded 3 employees’ embeddings from employee_embeddings.pkl
2025-08-19 17:44:42,974 - INFO - Starting verification for emp_002
2025-08-19 17:44:45,025 - INFO - emp_002 - Verification SUCCESS in 2.052 sec | Best Similarity: 0.7014 | Image: pic_2_emp_002.jpeg
2025-08-19 17:46:47,835 - INFO - Loaded 3 employees’ embeddings from employee_embeddings.pkl
2025-08-19 17:47:08,020 - INFO - Starting verification for emp_002
2025-08-19 17:47:10,119 - INFO - emp_002 - Verification SUCCESS in 2.099 sec | Best Similarity: 0.7147 | Image: pic_1_emp_002.jpeg
2025-08-19 18:11:58,936 - INFO - Loaded 3 employees’ embeddings from employee_embeddings.pkl
2025-08-19 18:12:17,008 - INFO - Starting verification for emp_002
2025-08-19 18:12:19,101 - INFO - emp_002 - Verification PARTIAL in 2.093 sec | Best Similarity: 0.6880 | Image: pic_2_emp_002.jpeg
2025-08-19 18:12:58,433 - INFO - Loaded 3 employees’ embeddings from employee_embeddings.pkl
2025-08-19 18:13:25,079 - INFO - Loaded 3 employees’ embeddings from employee_embeddings.pkl
2025-08-19 18:14:11,334 - INFO - Starting verification for emp_002
2025-08-19 18:14:13,375 - INFO - emp_002 - Verification SUCCESS in 2.041 sec | Best Similarity: 0.7081 | Image: pic_2_emp_002.jpeg
2025-08-19 23:43:18,100 - ERROR - Error loading embeddings from PostgreSQL: column "emb1" does not exist
LINE 1: SELECT emp_id, EMB1, EMB2, EMB3, EMB4 FROM public.employee_e...
                       ^

2025-08-19 23:43:46,531 - INFO - Starting verification for emp_002
2025-08-19 23:43:48,688 - ERROR - emp_002 - Employee ID not found in database
2025-08-19 23:45:00,181 - INFO - Starting verification for emp_002
2025-08-19 23:45:02,510 - ERROR - emp_002 - Employee ID not found in database
2025-08-19 23:51:27,224 - ERROR - Error loading embeddings from PostgreSQL: not all arguments converted during string formatting
2025-08-19 23:51:27,238 - INFO - Starting verification for emp_002
2025-08-19 23:51:29,343 - ERROR - emp_002 - Employee ID not found in database
2025-08-19 23:51:36,690 - ERROR - Error loading embeddings from PostgreSQL: string index out of range
2025-08-19 23:51:55,924 - INFO - Starting verification for emp_002
2025-08-19 23:51:58,107 - ERROR - emp_002 - Employee ID not found in database
2025-08-19 23:54:22,255 - ERROR - Error loading embeddings from PostgreSQL: not all arguments converted during string formatting
2025-08-19 23:54:22,263 - INFO - Starting verification for emp_002
2025-08-19 23:54:22,726 - ERROR - emp_002 - Employee ID not found in database
2025-08-19 23:54:35,099 - INFO - Starting verification for emp_002
2025-08-19 23:54:39,210 - ERROR - emp_002 - Employee ID not found in database
2025-08-20 00:02:15,959 - ERROR - Error loading embeddings from PostgreSQL: object of type 'NoneType' has no len()
2025-08-20 00:02:29,749 - INFO - Loaded 5 employees from PostgreSQL
2025-08-20 00:02:36,658 - INFO - Starting verification for emp_002
2025-08-20 00:04:10,206 - ERROR - Error loading embeddings from PostgreSQL: column "emb1" does not exist
LINE 2:             SELECT emp_id, emb1, emb2, emb3, emb4
                                   ^

2025-08-20 00:04:29,111 - ERROR - Error loading embeddings from PostgreSQL: column "emb1" does not exist
LINE 2:             SELECT emp_id, emb1, emb2, emb3, emb4
                                   ^

2025-08-20 00:04:33,987 - INFO - Starting verification for emp_002
2025-08-20 00:04:36,105 - ERROR - emp_002 - Employee ID not found in database
2025-08-20 00:05:15,802 - ERROR - Error loading embeddings from PostgreSQL: column "emb1" does not exist
LINE 2:             SELECT emp_id, emb1, emb2, emb3, emb4
                                   ^

2025-08-20 00:05:15,815 - INFO - Starting verification for emp_001
2025-08-20 00:05:17,933 - ERROR - emp_001 - Employee ID not found in database
2025-08-20 00:05:25,949 - INFO - Starting verification for emp_002
2025-08-20 00:05:28,079 - ERROR - emp_002 - Employee ID not found in database
2025-08-20 00:07:57,370 - INFO - Starting verification for emp_002
2025-08-20 00:11:28,441 - ERROR - Error loading embeddings from PostgreSQL: column "emb1" does not exist
LINE 2:             SELECT emb1, emb2, emb3, emb4
                           ^

2025-08-20 00:11:28,449 - INFO - Starting verification for emp_002
2025-08-20 00:11:28,882 - INFO - emp_002 - Verification FAIL in 0.434 sec | Best Similarity: -1.0000 | Image: None
2025-08-20 00:11:49,393 - INFO - Starting verification for emp_002
2025-08-20 00:11:51,482 - INFO - emp_002 - Verification FAIL in 2.089 sec | Best Similarity: -1.0000 | Image: None
2025-08-20 00:12:04,097 - INFO - Starting verification for emp_002
2025-08-20 00:12:06,192 - INFO - emp_002 - Verification FAIL in 2.096 sec | Best Similarity: -1.0000 | Image: None
2025-08-20 00:18:07,206 - ERROR - Error loading embeddings from PostgreSQL: column "emb1" does not exist
LINE 2:             SELECT emb1, emb2, emb3, emb4
                           ^

2025-08-20 00:18:16,253 - ERROR - Error loading embeddings from PostgreSQL: column "emb1" does not exist
LINE 2:             SELECT emb1, emb2, emb3, emb4
                           ^

2025-08-20 00:18:28,464 - ERROR - Error loading embeddings from PostgreSQL: column "emb1" does not exist
LINE 2:             SELECT emb1, emb2, emb3, emb4
                           ^

2025-08-20 00:18:28,475 - INFO - Starting verification for emp_002
2025-08-20 00:18:30,554 - INFO - emp_002 - Verification FAIL in 2.079 sec | Best Similarity: -1.0000 | Image: None
2025-08-20 00:18:36,303 - ERROR - Error loading embeddings from PostgreSQL: column "emb1" does not exist
LINE 2:             SELECT emb1, emb2, emb3, emb4
                           ^

2025-08-20 00:18:41,017 - ERROR - Error loading embeddings from PostgreSQL: column "emb1" does not exist
LINE 2:             SELECT emb1, emb2, emb3, emb4
                           ^

2025-08-20 00:18:41,035 - INFO - Starting verification for emp_002
2025-08-20 00:18:43,105 - INFO - emp_002 - Verification FAIL in 2.070 sec | Best Similarity: -1.0000 | Image: None
2025-08-20 00:18:50,908 - ERROR - Error loading embeddings from PostgreSQL: column "emb1" does not exist
LINE 2:             SELECT emb1, emb2, emb3, emb4
                           ^

2025-08-20 00:18:50,920 - INFO - Starting verification for emp_002
2025-08-20 00:18:53,001 - INFO - emp_002 - Verification FAIL in 2.081 sec | Best Similarity: -1.0000 | Image: None
2025-08-20 00:19:50,069 - ERROR - Error loading embeddings from PostgreSQL: column "emb1" does not exist
LINE 2:             SELECT emb1, emb2, emb3, emb4
                           ^

2025-08-20 00:19:50,086 - INFO - Starting verification for emp_002
2025-08-20 00:19:52,145 - INFO - emp_002 - Verification FAIL in 2.059 sec | Best Similarity: -1.0000 | Image: None
2025-08-20 00:20:00,859 - ERROR - Error loading embeddings from PostgreSQL: column "emb1" does not exist
LINE 2:             SELECT emb1, emb2, emb3, emb4
                           ^

2025-08-20 00:20:00,867 - INFO - Starting verification for emp_002
2025-08-20 00:20:02,930 - INFO - emp_002 - Verification FAIL in 2.064 sec | Best Similarity: -1.0000 | Image: None
2025-08-20 00:20:25,920 - ERROR - Error loading embeddings from PostgreSQL: column "emb1" does not exist
LINE 2:             SELECT emb1, emb2, emb3, emb4
                           ^

2025-08-20 00:20:25,929 - INFO - Starting verification for emp_002
2025-08-20 00:20:26,351 - INFO - emp_002 - Verification FAIL in 0.422 sec | Best Similarity: -1.0000 | Image: None
2025-08-20 00:20:37,044 - ERROR - Error loading embeddings from PostgreSQL: column "emb1" does not exist
LINE 2:             SELECT emb1, emb2, emb3, emb4
                           ^

2025-08-20 00:20:37,060 - INFO - Starting verification for emp_002
2025-08-20 00:20:39,112 - INFO - emp_002 - Verification FAIL in 2.052 sec | Best Similarity: -1.0000 | Image: None
2025-08-20 00:21:17,051 - ERROR - Error loading embeddings from PostgreSQL: column "emb1" does not exist
LINE 2:             SELECT emb1, emb2, emb3, emb4
                           ^

2025-08-20 00:21:22,152 - ERROR - Error loading embeddings from PostgreSQL: column "emb1" does not exist
LINE 2:             SELECT emb1, emb2, emb3, emb4
                           ^

2025-08-20 00:21:22,165 - INFO - Starting verification for emp_002
2025-08-20 00:21:24,260 - INFO - emp_002 - Verification FAIL in 2.096 sec | Best Similarity: -1.0000 | Image: None
2025-08-20 00:22:18,826 - ERROR - Error loading embeddings from PostgreSQL: column "emb1" does not exist
LINE 2:             SELECT emb1, emb2, emb3, emb4
                           ^

2025-08-20 00:22:18,840 - INFO - Starting verification for emp_002
2025-08-20 00:22:19,274 - INFO - emp_002 - Verification FAIL in 0.435 sec | Best Similarity: -1.0000 | Image: None
2025-08-20 00:23:00,956 - ERROR - Error loading embeddings from PostgreSQL: column "emb1" does not exist
LINE 2:             SELECT emb1, emb2, emb3, emb4
                           ^

2025-08-20 00:23:00,969 - INFO - Starting verification for emp_002
2025-08-20 00:23:01,427 - INFO - emp_002 - Verification FAIL in 0.458 sec | Best Similarity: -1.0000 | Image: None
2025-08-20 00:23:39,091 - ERROR - Error loading embeddings from PostgreSQL: column "emb1" does not exist
LINE 2:             SELECT emb1, emb2, emb3, emb4
                           ^

2025-08-20 00:23:39,098 - INFO - Starting verification for emp_002
2025-08-20 00:23:39,547 - INFO - emp_002 - Verification FAIL in 0.450 sec | Best Similarity: -1.0000 | Image: None
2025-08-20 00:24:54,413 - ERROR - Error loading embeddings from PostgreSQL: column "emb1" does not exist
LINE 2:             SELECT emb1, emb2, emb3, emb4
                           ^

2025-08-20 00:24:54,425 - INFO - Starting verification for emp_002
2025-08-20 00:24:54,862 - INFO - emp_002 - Verification FAIL in 0.436 sec | Best Similarity: -1.0000 | Image: None
2025-08-20 00:25:51,248 - INFO - ([0.0184048879891634, -0.04221714287996292, 0.011881754733622074, -0.06324630230665207, -0.01501430757343769, -0.016392601653933525, -0.036515012383461, -0.007555620279163122, -0.03295242041349411, -0.010536378249526024, 0.00455027399584651, 0.052570443600416183, 0.0019255358492955565, 0.004504041280597448, -0.02486819215118885, -0.015031724236905575, -0.03676767274737358, 0.01742100529372692, -0.01380947045981884, 0.058584459125995636, 0.0401717945933342, 0.0375017412006855, -0.046793919056653976, -0.03992954641580582, 0.06082751229405403, 0.03538145497441292, -0.012359311804175377, 0.05112888664007187, 0.037889428436756134, -0.05517572909593582, 0.03857548534870148, 0.021124355494976044, -0.0010983357205986977, 0.012212000787258148, 0.06928253918886185, 0.007895359769463539, -0.06999189406633377, 0.06907670944929123, -0.09708721935749054, 0.039278432726860046, -0.01809007301926613, 0.030649809166789055, 0.03085250034928322, 0.02901148609817028, 0.03374748304486275, -0.004891047719866037, -0.018633922562003136, 0.009127167984843254, 0.07518385350704193, 0.013801217079162598, 0.0012178560718894005, 0.010528950951993465, -0.04955829679965973, -0.029356811195611954, -0.012287194840610027, 0.05456063151359558, 0.004613575991243124, 0.03677498549222946, -0.003388047218322754, 0.03770965337753296, -0.01901518926024437, 0.07456972450017929, -0.04073060676455498, 0.06214285269379616, 0.03606975078582764, 0.02611142210662365, 0.04892238602042198, 0.07369761914014816, -0.054592065513134, 0.024579310789704323, 0.06828097999095917, 0.059203144162893295, -0.0024126737844198942, 0.017168089747428894, -0.12451423704624176, -0.0009953203843906522, -0.00439159432426095, 0.037503715604543686, -0.023587685078382492, -0.058491915464401245, 0.03334842249751091, -0.010032959282398224, 0.0038678941782563925, 0.021824929863214493, 0.007068205624818802, 0.015586563386023045, -0.05902142822742462, 0.023781903088092804, 0.05549975484609604, 0.00929583702236414, 0.006221571937203407, 0.019115157425403595, 0.03487870842218399, 0.0018491015071049333, -0.05321824178099632, 0.03537154942750931, 0.002656372031196952, 0.014905987307429314, 0.020546268671751022, -0.06923507153987885, 0.0012601272901520133, -0.05922972038388252, 0.08562272042036057, 0.06951307505369186, 0.056921135634183884, -0.029217291623353958, -0.013854056596755981, 0.012243886478245258, -0.02240152284502983, 0.058059316128492355, 0.02510908804833889, -0.02475856803357601, -0.059976041316986084, 0.05539817363023758, 0.030559146776795387, 0.06409338116645813, -0.04913868382573128, -0.055826254189014435, 0.02054942212998867, 0.024133790284395218, -0.004267064854502678, 0.010377625934779644, 0.030246371403336525, 0.01646142266690731, 0.018319491297006607, 0.015094452537596226, 0.07643402367830276, -0.011399771086871624, -0.005122128874063492, -0.07160598039627075, 0.00014437545905821025, 0.03168296441435814, -0.01872110739350319, 0.025195235386490822, 0.006754560396075249, 0.01554149016737938, -0.0072134933434426785, -0.02320713922381401, 0.05520365387201309, 0.029595568776130676, -0.0038410399574786425, -0.013328435830771923, -0.06603917479515076, 0.014684509485960007, -0.0636286735534668, -0.005584838334470987, -0.01335045788437128, -0.06771654635667801, -0.0026911902241408825, -0.02851233258843422, 0.02389225736260414, -0.0162527896463871, 0.053683821111917496, 0.018732691183686256, -0.05067836120724678, 0.027399014681577682, -0.09974495321512222, -0.08074034750461578, 0.048928581178188324, 0.09558571130037308, -0.028426630422472954, -0.05814560875296593, 0.008304242976009846, 0.01927364058792591, -0.04799709841609001, -0.017440717667341232, -0.03301998972892761, -0.051590997725725174, 0.09787439554929733, -0.041767723858356476, 0.01600457914173603, 0.028936078771948814, 0.043202005326747894, 0.04522386193275452, -0.045936841517686844, -0.08187051862478256, 0.04475763812661171, 0.028316650539636612, 0.06415810436010361, -0.011630656197667122, -0.02625643089413643, -0.06971479207277298, 0.014057541266083717, 0.016084853559732437, 0.004417864605784416, 0.038726408034563065, 0.016848478466272354, -0.06203418970108032, 0.053482916206121445, -0.024115119129419327, 0.014079723507165909, 0.08915867656469345, -0.011114428751170635, 0.05938037484884262, 0.024819813668727875, 0.11570358276367188, 0.03881384804844856, -0.016179312020540237, 0.01851082406938076, -0.06170005351305008, -0.0068630026653409, -0.009781290777027607, -0.03048683889210224, 0.04993366077542305, -0.020800260826945305, -0.07186167687177658, -0.07636614143848419, 0.03767900913953781, -0.08998855203390121, 0.020122725516557693, 0.010910853743553162, 0.07931811362504959, 0.0012554738204926252, -0.004808611236512661, -0.04680207744240761, -0.09472830593585968, -0.003708398202434182, 0.027664706110954285, -0.0011623527389019728, 0.06298096477985382, 0.04126875475049019, 0.023835545405745506, -0.0461798794567585, 0.02121947519481182, 0.013270050287246704, 0.04278111457824707, 0.040845680981874466, -0.0029189051128923893, 0.04580796882510185, 0.074103444814682, -0.001857564551755786, -0.0024790544994175434, -0.0108994971960783, -0.08826079219579697, -0.028995957225561142, -0.07625409960746765, 0.004576592240482569, -0.02065163664519787, -0.05103239789605141, 0.004451293032616377, -0.010129519738256931, 0.04481833428144455, 0.04996928572654724, -0.02404736913740635, 0.05130447819828987, -0.018151504918932915, -0.010223309509456158, 0.04292444512248039, 0.000901254010386765, -0.0453663244843483, 0.07091112434864044, 0.0194841418415308, 0.0708916112780571, -0.04936264082789421, -0.015273687429726124, 0.03425547480583191, 0.05735938996076584, -0.01988716423511505, 0.02350008487701416, -0.069253109395504, 0.011430911719799042, -0.03181694075465202, -0.042453471571207047, -0.019329875707626343, 0.034229520708322525, -0.041232846677303314, -0.036310695111751556, -0.011079796589910984, -0.06709061563014984, -0.004552350379526615, -0.10985258221626282, 0.01845988817512989, -0.013189430348575115, -0.04872674122452736, -0.08070358633995056, 0.03682483732700348, -0.034810565412044525, -0.017268028110265732, 0.037001922726631165, 0.003130141645669937, -0.018546365201473236, -0.06988561898469925, 0.007065929938107729, 0.03971967101097107, 0.05952145531773567, 0.007424986455589533, 0.014552722685039043, 0.026889685541391373, 0.0002430342574371025, 0.029740862548351288, -0.0004714481474366039, 0.025852013379335403, -0.014935610815882683, -0.1061953753232956, 0.002998725976794958, -0.016742775216698647, -0.022139787673950195, -0.007132354192435741, 0.012466821819543839, 0.033249907195568085, -0.07775256782770157, -0.07427051663398743, -0.04304816573858261, 0.07835851609706879, -0.0021508256904780865, -0.0017515987856313586, -0.07132306694984436, 0.007994742132723331, -0.0970057025551796, -0.07922597974538803, -0.031020883470773697, -0.04955623298883438, 0.011931340210139751, 0.017442496493458748, -0.06830069422721863, -0.09035057574510574, 0.07713047415018082, -0.042758140712976456, 0.019991137087345123, -0.04751833528280258, 0.0441705547273159, -0.05656837299466133, 0.023037558421492577, -0.03285032510757446, -0.002582502318546176, 0.003006097860634327, -0.022362155839800835, -0.0019863040652126074, -0.004428590647876263, 0.006099879741668701, -0.008539102971553802, -0.04374988377094269, -0.03632156550884247, 0.042330302298069, -0.031213603913784027, 0.004058373626321554, -0.03346665948629379, -0.023732149973511696, 0.0009410722414031625, 0.07184967398643494, -0.007493235170841217, 0.0499722994863987, -0.0019615318160504103, -0.06053328141570091, 0.006236467510461807, -0.1648329794406891, -0.0495714396238327, 0.07354031503200531, -0.08634737133979797, -0.03304273635149002, -0.07678663730621338, 0.04045420140028, -0.014943675138056278, -0.022281263023614883, -0.04201966151595116, -0.010061866603791714, 0.07226753234863281, 0.032502464950084686, 0.02455541118979454, 0.08665104955434799, 0.021213360130786896, -0.041274454444646835, -0.012525091879069805, 0.11125452816486359, -0.028902003541588783, 0.010313844308257103, -0.020816421136260033, -0.006612885743379593, -0.005648248828947544, 0.05245578661561012, -0.001621934468857944, -0.0023942729458212852, -0.03647681698203087, 0.01591445878148079, 0.028383737429976463, 0.04342712089419365, 0.027847912162542343, 0.07046119123697281, 0.03401625156402588, 0.043868958950042725, 0.03748973831534386, 0.013624422252178192, -0.04063054919242859, -0.024777617305517197, -0.030399737879633904, 0.01799425669014454, 0.024955477565526962, 0.007813169620931149, 0.015371331945061684, -0.03631189092993736, -0.0745725929737091, 0.015062887221574783, -0.01695672981441021, -0.04101313650608063, 0.014259343035519123, -0.02060547284781933, 0.012000082060694695, -0.00425430852919817, 0.04799475893378258, -0.12127818167209625, 0.02304193004965782, -0.04618159309029579, 0.07243019342422485, 0.020855240523815155, -0.0037677527870982885, -0.0532839260995388, 0.041134655475616455, 0.02359021082520485, 0.014237424358725548, -0.007656307891011238, 0.08776193112134933, 0.03773093968629837, -0.05554388836026192, 0.09058472514152527, 0.07032962888479233, 0.04288215562701225, 0.04185366630554199, -0.029373466968536377, -0.016391746699810028, -0.02753070555627346, 0.016794808208942413, 0.09191247075796127, 0.017754996195435524, 0.0071350764483213425, -0.05585193634033203, -0.04361673817038536, -0.038761869072914124, 0.08381657302379608, -0.003589379834011197, 0.0392107330262661, 0.026599423959851265, -0.041562270373106, 0.011922241188585758, -0.11368847638368607, -0.022532233968377113, 0.03128708899021149, -0.04058030992746353, 0.04284854233264923, -0.03870971128344536, 0.006128724664449692, 0.022864216938614845, 0.038963351398706436, -0.007892430759966373, -0.022263051941990852, 0.043796952813863754, 0.00903381872922182, -0.0014102257555350661, -0.035508666187524796, -0.0864858329296112, 0.00027046914328821003, -0.012867375276982784, -0.05269116908311844, 0.04390176385641098, 0.021384891122579575, -0.005528565961867571, -0.11002019047737122, -0.01562463492155075, -0.04407345503568649, -0.020553849637508392, -0.03478337824344635, 0.06248067319393158, 0.03559751436114311, -0.027908310294151306, 0.03454577922821045, -0.06676137447357178, 0.0504743866622448, -0.011375537142157555, -0.0532669797539711, 0.007265383843332529, -0.09215504676103592, 0.08171273022890091, 0.01691148616373539, 0.004180565010756254, 0.004482229705899954, -0.017200883477926254, 0.08627711236476898, 0.01740654930472374, 0.03585684299468994, -0.0374278724193573, 0.031970299780368805, 0.060205668210983276, 0.047226566821336746, 0.020183876156806946, -0.07758578658103943, -0.00294515211135149, 0.048130717128515244, 0.0407918319106102, -0.041582923382520676, 0.00011621789599303156, -0.00569653045386076, -0.01633622869849205, 0.03949667885899544, 0.06363412737846375, 0.007438431493937969, -0.004513943567872047, 0.007009731139987707, -0.07659706473350525, 0.0038736783899366856, 0.032162439078092575, -0.06644530594348907, -0.06377070397138596, 0.02066171169281006, 0.01484575867652893, 0.03816649690270424, -0.026342494413256645, 0.09170480072498322, -0.003987778909504414, -0.021398339420557022, -0.0055275605991482735, -0.04415163770318031, -0.08163122087717056, 0.010747451335191727], [0.062314048409461975, -0.0432768240571022, 0.04331241920590401, 0.0006685651605948806, 0.0026898167561739683, -0.08134230226278305, -0.02899220772087574, 0.014917917549610138, -0.024938426911830902, 0.0040601808577775955, -0.04589187726378441, 0.020889800041913986, 0.00902470014989376, -0.020166240632534027, 0.022787652909755707, 0.024931365624070168, -0.008726779371500015, 0.007363446522504091, -0.0295086782425642, 0.06397877633571625, 0.029358118772506714, 0.036168258637189865, -0.02175000309944153, -0.06402291357517242, 0.0980856865644455, 0.05119291692972183, -0.03551902621984482, -0.007379588671028614, 0.06493533402681351, 0.0207437165081501, 0.04061482101678848, 0.009791593067348003, 0.004355146549642086, -0.022679172456264496, 0.028229184448719025, 0.03521560877561569, -0.10356573760509491, 0.04122970253229141, -0.028512468561530113, 0.061256907880306244, -0.0033441546838730574, -0.025026658549904823, 0.05237739905714989, 0.019844235852360725, 0.06223225221037865, -0.050048086792230606, -0.034207846969366074, -0.0345461331307888, 0.06879337877035141, 0.03762198984622955, -0.008324814029037952, 0.024454332888126373, -0.05565115436911583, -0.059980448335409164, -0.026997441425919533, 0.021951232105493546, -0.014225723221898079, 0.0438910648226738, 0.005351599771529436, 0.002041430678218603, 0.0004107067361474037, 0.01807107776403427, 0.027767164632678032, -0.012058950029313564, 0.004136199597269297, 0.016009638085961342, 0.04106282442808151, -0.008938837796449661, -0.023339958861470222, 0.019708948209881783, -0.024520784616470337, -0.011163413524627686, -0.03212648630142212, 0.05485931411385536, -0.06072675436735153, -0.007600424811244011, -0.005220911931246519, 0.004830057267099619, 0.04725706949830055, -0.018454978242516518, 0.043175119906663895, -0.0028434512205421925, -0.019389286637306213, -0.01978123188018799, 0.011038604192435741, -0.03908581659197807, -0.045053351670503616, 0.04576407000422478, 0.06137615069746971, -0.03394727781414986, 0.007415585685521364, 0.050096165388822556, 0.05593280866742134, -0.018769560381770134, -0.07495724409818649, -0.024135569110512733, 0.03684331849217415, 0.033395811915397644, 0.031432945281267166, 0.008106445893645287, -0.00017409224528819323, -0.03747338801622391, 0.04939962178468704, 0.07326745986938477, -0.00035479283542372286, -0.00265323743224144, -0.029230570420622826, -0.006356218829751015, -0.016341576352715492, 0.07035654038190842, -0.019368940964341164, 0.014170557260513306, -0.035164881497621536, 0.015718689188361168, 0.053813137114048004, 0.02649502642452717, -0.010646923445165157, -0.0384836308658123, 0.019494205713272095, 0.004803286399692297, 0.023951424285769463, -0.033465802669525146, -0.016091974452137947, -0.039469752460718155, 0.003958734218031168, -0.02847420424222946, 0.011293780989944935, -0.0551006942987442, -0.07578428834676743, -0.03042123280465603, -0.05304763466119766, 0.048319991677999496, -0.061423853039741516, 0.04418160766363144, -0.057177409529685974, 0.006205251906067133, 0.004037485923618078, -0.015759840607643127, 0.038140781223773956, 0.008754500187933445, -0.030413448810577393, 0.014986938796937466, -0.10624312609434128, 0.012475402094423771, -0.02395646832883358, 0.013424234464764595, -0.015686849132180214, -0.11327464878559113, 0.013105827383697033, -0.050380952656269073, -0.021763578057289124, -0.02959953434765339, 0.039948876947164536, 0.06031413748860359, -0.012775573879480362, 0.029947791248559952, -0.12246335297822952, -0.09097567945718765, 0.06694405525922775, 0.06166519969701767, 0.004175625275820494, -0.007041142322123051, 0.07794438302516937, 0.03996088355779648, -0.0361534021794796, -0.033713482320308685, -0.06931036710739136, -0.10592558979988098, 0.06712854653596878, -0.02138184942305088, 0.009047308936715126, -0.0048093791119754314, 0.10601897537708282, 0.023828348144888878, 0.0015879003331065178, -0.028518877923488617, 0.05976223945617676, -0.021171266213059425, 0.006849048193544149, -0.020877322182059288, -0.04466139152646065, 0.008961779996752739, -0.01855415850877762, -0.005136500578373671, 0.00932632852345705, 0.07305000722408295, -0.005471948068588972, -0.018052274361252785, 0.07289040088653564, 0.05056446045637131, 0.03668627887964249, 0.08133452385663986, -0.0027453871443867683, 0.06045971438288689, -0.0545511357486248, 0.12482745945453644, 0.08893170207738876, 0.03239956125617027, 0.01235949620604515, -0.050977446138858795, -0.004340170416980982, 0.06372862309217453, -0.03861439973115921, 0.049350373446941376, 0.0017289657844230533, -0.06031442806124687, -0.10932296514511108, 0.05311206728219986, -0.008850602433085442, -0.04292340949177742, 0.008010155521333218, 0.058135002851486206, -0.0023739987518638372, -0.0015356217045336962, -0.02732822485268116, -0.05413465574383736, -0.015840336680412292, 0.032907385379076004, 0.01766408234834671, 0.061296191066503525, -0.005145000293850899, 0.003396684303879738, -0.08428430557250977, -0.03698144480586052, 0.006531542632728815, 0.0901215672492981, -0.04587763547897339, 0.033126428723335266, 0.031408652663230896, 0.09537571668624878, 0.012499572709202766, 0.07933855056762695, -0.003193019423633814, -0.011745870113372803, 0.043084606528282166, -0.055307045578956604, -0.009984598495066166, 0.03066851571202278, -0.039883166551589966, 0.04596351832151413, 0.02565932460129261, -0.008081230334937572, 0.016572250053286552, 0.034380048513412476, 0.08672865480184555, 0.04731025546789169, -0.03639470413327217, 0.03913985937833786, 0.012222601100802422, 0.05205173045396805, 0.06747566908597946, -0.02519199065864086, 0.042816411703825, -0.08764292299747467, -0.019135287031531334, 0.06280560791492462, 0.09438499808311462, -0.0384436659514904, -0.006126373540610075, -0.028113070875406265, -0.003050405764952302, -0.017986584454774857, -0.002500018570572138, 0.019123291596770287, 0.0395260825753212, -0.07417144626379013, 0.016350341960787773, -0.0029036637861281633, -0.059368375688791275, -0.027584413066506386, -0.03254716470837593, -0.029508933424949646, -0.009272441267967224, -0.07870791107416153, -0.016586842015385628, -0.00838537234812975, -0.03714669123291969, 0.030834199860692024, 0.060238879173994064, 0.011354804039001465, -0.0395108163356781, -0.06388579308986664, -0.05672105774283409, 0.01358326431363821, 0.002158665331080556, 0.011452116072177887, 0.023130832239985466, 0.05153527483344078, 0.036682479083538055, -0.03439735621213913, 0.025412969291210175, 0.00867452286183834, 0.014969506300985813, -0.058739811182022095, 0.08841615170240402, -0.039605218917131424, -0.05307279899716377, -0.042288463562726974, 0.03967501223087311, 0.018598388880491257, -0.024976540356874466, -0.0811675414443016, -0.08927125483751297, 0.06591691821813583, 0.01851169764995575, 0.00972659420222044, -0.0721336305141449, 0.008387478068470955, -0.021007142961025238, -0.002290687058120966, -0.019025912508368492, -0.04047822207212448, -0.008328557014465332, 0.022643042728304863, 0.027423225343227386, -0.014323661103844643, 0.06941549479961395, -0.0024294136092066765, 0.04319821670651436, -0.009799716994166374, 0.040187425911426544, -0.0494229681789875, 0.016224421560764313, -0.0319514237344265, -0.06123526766896248, -0.0634104460477829, 0.0271714199334383, -0.03882661089301109, 0.014670312404632568, -0.03405926749110222, 0.017419053241610527, -0.06424347311258316, 0.03533473610877991, 0.06429512798786163, -0.05205204337835312, 0.02498970739543438, -0.050595544278621674, -0.08662302792072296, 0.043341659009456635, 0.027705058455467224, -0.006693434435874224, 0.06082845479249954, 0.051881179213523865, -0.04757581278681755, 0.0226628128439188, -0.09395438432693481, -0.08971000462770462, 0.01201809011399746, -0.09030121564865112, -0.04344714432954788, -0.06025322154164314, 0.04990626499056816, -0.03666365519165993, 0.06279051303863525, -0.018815800547599792, 0.0007206395966932178, 0.03913296386599541, 0.08551124483346939, 0.025472618639469147, -0.007070688530802727, 0.00834503211081028, -0.009605278261005878, 0.004571259021759033, 0.0850919634103775, -0.009691704995930195, 0.010076246224343777, -0.0009092734544537961, -0.013013174757361412, -0.011559399776160717, 0.006248432211577892, 0.01860913075506687, 0.014154485426843166, 0.02780723385512829, 0.013862344436347485, 0.05153241008520126, 0.07624279707670212, 0.06321821361780167, 0.07140795886516571, -0.018927741795778275, 0.02512643299996853, 0.02195862866938114, -0.02382681332528591, 0.02619282528758049, 0.007113208528608084, -0.03949141129851341, -0.053851168602705, 0.0034824509639292955, 0.05646498128771782, -0.05114957317709923, -0.0014082257403060794, -0.0853303000330925, 0.05215247720479965, 0.004674241878092289, -0.07872096449136734, 0.03612886369228363, -0.050538159906864166, -0.023090340197086334, 0.03624420240521431, -0.004409308545291424, -0.11462537199258804, 0.017438653856515884, 0.023696040734648705, 0.04121676832437515, -0.014501320198178291, 0.03710746392607689, -0.04655290022492409, 0.01971552148461342, 0.00668893288820982, -0.017774347215890884, 0.004526842851191759, 0.040357839316129684, -0.02932899072766304, -0.020324865356087685, 0.058975644409656525, 0.03173951059579849, 0.002083398401737213, 0.041671596467494965, 8.32800506032072e-05, 0.038406532257795334, -0.010032021440565586, -0.000538114458322525, 0.08993353694677353, 0.03322668373584747, -0.01924401894211769, -0.046451397240161896, -0.016371697187423706, -0.02275795117020607, 0.05089198797941208, 0.08649122714996338, 0.05661828815937042, 0.07857826352119446, -0.02238701470196247, 0.06366792321205139, -0.05444621667265892, 0.04545091837644577, 0.02900497242808342, -0.028866365551948547, 0.023836754262447357, -0.045828927308321, 0.027225764468312263, 0.0030137125868350267, 0.039346545934677124, -0.03663577884435654, -0.02297515794634819, 0.03639589622616768, 0.006126949563622475, 0.04738524556159973, -0.01583021879196167, -0.05459095537662506, 0.02834431827068329, -0.03548135980963707, -0.041036251932382584, 0.06743037700653076, -0.020739931613206863, 0.013631504029035568, -0.05769031122326851, 0.03536786511540413, -0.015786990523338318, -0.012371149845421314, -0.04098851606249809, 0.06686526536941528, 0.0013055674498900771, -0.03906150534749031, -0.027238693088293076, -0.009619547054171562, 0.05771255865693092, -0.005712364800274372, -0.009626015089452267, -0.04956696927547455, -0.09074942022562027, 0.1112460121512413, 0.04976854845881462, 0.024987151846289635, -0.030268505215644836, 0.01723015308380127, 0.05512307584285736, -0.01469713170081377, 0.07376766204833984, -0.0236479714512825, -0.04959442839026451, 0.07541468739509583, 0.03521643206477165, 0.052064280956983566, -0.031316377222537994, 0.003057654947042465, 0.0011683255434036255, -0.0017394529422745109, -0.06731203198432922, -0.024777056649327278, 0.011458060704171658, 0.022548817098140717, 0.11779654771089554, 0.08539165556430817, 0.006692606955766678, 0.010145056061446667, 0.0015786271542310715, -0.07264301925897598, -0.011416397988796234, 0.020325737074017525, -0.041878923773765564, -0.0065366183407604694, 0.09405278414487839, 0.054873574525117874, 0.005879590753465891, -0.05138939991593361, 0.01437458023428917, -0.012922131456434727, -0.06972229480743408, 0.06630165874958038, -0.02156384103000164, -0.08161525428295135, -0.04488426446914673], [0.03530094772577286, -0.04635479673743248, 0.0026060575619339943, -0.08333652466535568, -0.009752641431987286, -0.034481246024370193, 0.010341926477849483, 0.009298734366893768, -0.008269788697361946, 0.00472871633246541, -0.0406748503446579, 0.011920548044145107, -0.01625039428472519, -0.02810954675078392, -0.01792697235941887, -0.008950981311500072, 0.007823123596608639, -0.012046823278069496, -0.03940987586975098, 0.10975228250026703, 0.037316810339689255, 0.07532944530248642, -0.0554569810628891, 0.0038366166409105062, 0.07377193868160248, 0.08110298961400986, 0.039955198764801025, 0.06221729516983032, 0.047385409474372864, -0.017772598192095757, 0.016040123999118805, -0.002839291701093316, -0.02252114750444889, 0.01222811359912157, 0.04325489699840546, -0.023960992693901062, -0.06102818250656128, 0.042911067605018616, -0.11087655276060104, 0.03741922229528427, -0.02251497469842434, 0.047808606177568436, -0.016450831666588783, -0.0494840145111084, 0.03739104047417641, 0.013408038765192032, -0.06242756545543671, -0.0012681615771725774, 0.10877017676830292, 0.007016979157924652, 0.02651052363216877, -0.005893911235034466, -0.03600477799773216, 0.02566189132630825, -0.04025634378194809, 0.029865194112062454, 0.017118096351623535, 0.03895723447203636, -0.031180240213871002, -0.006218800321221352, -0.015547439455986023, 0.0362204983830452, -0.06424800306558609, -0.0345848947763443, 0.09445136040449142, 0.03917843848466873, 0.01384205836802721, 0.10121277719736099, -0.05231634899973869, 0.038542795926332474, 0.027238311246037483, 0.02045338600873947, -0.015826372429728508, 0.02198246493935585, -0.0735439658164978, -0.03948099911212921, 0.007927261292934418, 0.07103770971298218, 0.006807401776313782, -0.012715177610516548, 0.0558224618434906, -0.01087553333491087, -0.03670654445886612, 0.06212595850229263, 0.0017273504054173827, -0.007232385687530041, -0.0360347256064415, -0.0096975639462471, 0.09947073459625244, -0.010061578825116158, 0.04203875735402107, 0.015881329774856567, 0.0599772185087204, 0.01705942489206791, -0.0280801672488451, 0.01158836018294096, -0.013777517713606358, -0.026711435988545418, -0.00914616696536541, -0.05879731476306915, -0.017156831920146942, -0.012311047874391079, 0.013663633726537228, 0.043653249740600586, 0.058904699981212616, -0.007114605512470007, -0.0679628774523735, 0.009342063218355179, -0.004442873410880566, 0.07015156745910645, 0.034293048083782196, 0.040172796696424484, -0.05810302495956421, 0.017677946016192436, -0.00190731103066355, 0.038862697780132294, -0.0396888367831707, -0.03947511687874794, 0.021110311150550842, -0.022038694471120834, -0.009677777998149395, 0.017712129279971123, 0.024368252605199814, -0.033230360597372055, -0.043029915541410446, -0.03785333037376404, 0.09148145467042923, -0.007841096259653568, -0.02109137922525406, -0.028142426162958145, -0.024110618978738785, 0.1009787991642952, 0.03239962458610535, 0.06833945959806442, -0.0025436952710151672, 0.007667915895581245, -0.025097912177443504, -0.03797384351491928, 0.04246240481734276, 0.004685629159212112, 0.00538734020665288, 0.03061000071465969, -0.029087401926517487, 0.0633939653635025, -0.039775505661964417, -0.0002901648113038391, 8.48807321744971e-05, -0.025433817878365517, 0.011798594146966934, -0.03345738351345062, -0.023986060172319412, -0.06012779101729393, 0.0579136423766613, 0.05837241932749748, -0.033675990998744965, 0.049906130880117416, -0.04020439088344574, -0.08104129135608673, 0.08306287974119186, 0.08200397342443466, 0.020474497228860855, -0.0027980972081422806, -0.021058883517980576, 0.0590832456946373, -0.004062430467456579, -0.032695941627025604, -0.027000917121767998, -0.013839619234204292, 0.07219178229570389, -0.007488747127354145, 0.020450446754693985, 0.022164586931467056, 0.051617447286844254, 0.04739518463611603, -0.05944811925292015, -0.06955824047327042, 0.07268299162387848, 0.01390981674194336, 0.0688832551240921, 0.02152487076818943, -0.043520789593458176, 0.023563524708151817, -0.014022612012922764, -0.04447649046778679, -0.05529024079442024, 0.04076538234949112, 0.014783142134547234, -0.011580448597669601, 0.07515763491392136, -0.01616872288286686, -0.0007108369609341025, 0.05740795657038689, -0.024044157937169075, 0.05536077916622162, -0.006530757062137127, 0.021756339818239212, 0.004733581095933914, -0.052709273993968964, 0.03226451948285103, -0.060859404504299164, 0.0028452477417886257, 0.01972467638552189, -0.006456886883825064, 0.04028137028217316, -0.03138402849435806, -0.044866714626550674, -0.047210823744535446, 0.060975175350904465, -0.05647256225347519, -0.011450035497546196, -0.023637695237994194, 0.07772689312696457, 0.014119145460426807, 0.02248384989798069, -0.023506417870521545, -0.09123402088880539, 0.005998246371746063, 0.07001043856143951, -0.007239986211061478, 0.13157044351100922, 0.0893968790769577, 0.023351402953267097, -0.0685441642999649, -0.01308154221624136, 0.017873570322990417, 0.03982098773121834, -0.00577570078894496, -0.02069796808063984, 0.0765327736735344, 0.0295090451836586, 0.029804250225424767, -0.04455595836043358, -0.05517491698265076, -0.02578653395175934, -0.010238131508231163, -0.011349325068295002, 0.004369810223579407, 0.02480444125831127, -0.0626438781619072, -0.009699775837361813, 0.0016692227218300104, 0.045047130435705185, 0.05852716416120529, 0.013594896532595158, 0.04017280414700508, 0.00656115310266614, 0.018781261518597603, 0.0036486592143774033, -0.02602389082312584, -0.0031004028860479593, 0.02633071318268776, 0.028180599212646484, 0.03751959279179573, -0.04778037965297699, 0.0018354760250076652, 0.0701126679778099, 0.10421425104141235, -0.03963752090930939, 0.0017287560040131211, -0.014096499420702457, 0.014009406790137291, -0.06035605072975159, -0.02373066172003746, -0.07153535634279251, 0.033409327268600464, -0.08718351274728775, -0.02756413444876671, -0.029600506648421288, -0.09694358706474304, 0.025490976870059967, -0.06978709995746613, 0.03493929281830788, -0.035213492810726166, -0.0353546142578125, -0.03488583862781525, -0.015315809287130833, -0.02776964381337166, 0.023173712193965912, -0.012694042176008224, 0.041256919503211975, -0.03063141740858555, -0.09682923555374146, -0.008589650504291058, 0.03995173051953316, 0.022044481709599495, 0.0016455991426482797, 0.02251262776553631, 0.05419180914759636, 0.014497420750558376, 0.015736546367406845, 0.021573016420006752, 0.027447421103715897, -0.03017735667526722, -0.07862422615289688, 0.043956417590379715, -0.046179719269275665, -0.07442928105592728, 0.00238150916993618, 0.025248846039175987, 0.006237918045371771, -0.05756862461566925, -0.11004117131233215, -0.03189253807067871, 0.04266807809472084, -8.584148599766195e-05, 0.0046594031155109406, -0.0751580223441124, -0.007907407358288765, -0.03878642991185188, -0.09036844223737717, -0.01791955716907978, -0.021106023341417313, 0.025331910699605942, -0.000698837626259774, 0.012924940325319767, -0.03955276682972908, 0.008085866458714008, 0.0014662615722045302, 0.005640148650854826, -0.013028102926909924, 0.05547194555401802, -0.07175184041261673, 0.0031079330947250128, -0.010606281459331512, 0.007015209645032883, 0.015035637654364109, -0.025124361738562584, -0.03735402598977089, -0.0249471552670002, -0.016518618911504745, 0.028351588174700737, -0.04897719621658325, 0.0033956393599510193, 0.062038570642471313, -0.0669156089425087, 0.039201173931360245, -0.04584178328514099, -0.027661308646202087, -0.002117526950314641, 0.008858880028128624, 0.022944675758481026, 0.05003704875707626, 0.054774533957242966, -0.025481760501861572, -0.02764453925192356, -0.13936464488506317, -0.04733816534280777, -0.004688954446464777, -0.08564922958612442, -0.032677583396434784, -0.046233758330345154, 0.03859606012701988, 0.023808956146240234, -0.044302619993686676, -0.01656520552933216, 0.017659584060311317, 0.05610688775777817, 0.010799966752529144, -0.003028994193300605, 0.052210863679647446, -0.0003153220168314874, -0.04754418879747391, -0.07930916547775269, 0.1069108322262764, -0.018187373876571655, 0.0184825137257576, -0.04031521826982498, -0.0424581877887249, 0.006637906190007925, 0.014592153951525688, -0.021761203184723854, 0.010040356777608395, -0.03864727169275284, 0.035069894045591354, 0.04740733280777931, 0.04322883486747742, 0.0498221293091774, 0.05360747128725052, 0.0036233311984688044, 0.04824111983180046, 0.027638157829642296, 0.020279712975025177, 0.03909784555435181, -0.045664116740226746, 0.0249567162245512, 0.006146950647234917, 0.07562132179737091, 0.03370256349444389, 0.0016366842901334167, 0.0012309827143326402, -0.0590757355093956, 0.037009306252002716, -0.0316200852394104, -0.05008404329419136, 0.052799299359321594, 0.027613341808319092, -0.05782843008637428, -0.007793342228978872, 0.00039308072882704437, -0.060113970190286636, 0.02919558249413967, -0.05124831572175026, 0.058528877794742584, 0.04192529246211052, 0.007693723309785128, -0.03280063718557358, -0.0023464106488972902, -0.004827620927244425, -0.06406286358833313, -0.01244488637894392, 0.1385168582201004, 0.03674580529332161, -0.05525275692343712, 0.07700584083795547, 0.06399273127317429, -0.018467562273144722, 0.015322543680667877, -0.03991205245256424, 0.05213157460093498, -0.043439172208309174, 0.06200580671429634, 0.08517119288444519, 0.03846752271056175, 0.013662192970514297, -0.022051550447940826, -0.0610467903316021, -0.009746990166604519, 0.019430171698331833, -0.004393944516777992, 0.05192064493894577, 0.040843188762664795, 0.019103217869997025, 0.05770532414317131, -0.04917732626199722, -0.021545160561800003, 0.02526751160621643, -0.07339337468147278, 0.04231477156281471, -0.011743809096515179, -0.03408493101596832, 0.032533910125494, -0.00737823685631156, -0.01828594133257866, -0.04751518741250038, 0.032060593366622925, 0.008585723116993904, 0.0009075233247131109, -0.001300874282605946, -0.04870056360960007, -0.02146567404270172, 0.02522658184170723, -0.09586390852928162, 0.03047495149075985, 0.021054033190011978, 0.061647508293390274, -0.054271262139081955, 0.022821268066763878, -0.07007879763841629, 0.007035525050014257, 0.008531787432730198, 0.034407731145620346, 0.024817416444420815, -0.01435395609587431, 0.018017709255218506, -0.06056752800941467, 0.06652509421110153, 0.04059354215860367, -0.03230097517371178, -0.01330258697271347, -0.12184762209653854, 0.10194677859544754, -0.04088841751217842, 0.06841163337230682, -0.00897978711873293, -0.03421797975897789, 0.10072685778141022, 0.025279317051172256, 0.06582020968198776, -0.013846831396222115, 0.03187357261776924, 0.03751783072948456, 0.034957967698574066, -0.009373308159410954, -0.05422860383987427, -0.03853093460202217, 0.04352966323494911, 0.0023928633891046047, -0.0022055888548493385, -0.042001839727163315, 0.054400842636823654, 0.04165536165237427, 0.11324551701545715, -0.031063297763466835, -0.04409436136484146, -0.06790988147258759, -0.03728916496038437, 0.01907837763428688, 0.047856610268354416, -0.002249858109280467, -0.06528525799512863, -0.06964391469955444, 0.01967417448759079, 0.026392100378870964, 0.03035741113126278, -0.021495668217539787, 0.011599313467741013, -0.03492828831076622, 0.008424491621553898, 0.0929669663310051, -0.043142978101968765, -0.05390557274222374, 0.019391952082514763], [0.02850545383989811, -0.09081367403268814, 0.060705866664648056, -0.046688880771398544, 0.014174756594002247, -0.02409832738339901, 0.005556670483201742, -0.05337028577923775, -0.02393564209342003, 0.010959960520267487, -0.04383021965622902, -0.007493413519114256, -0.015059197321534157, 0.004830258898437023, -0.06032879650592804, -0.04504922777414322, -0.018602801486849785, -0.003977433778345585, -0.010627125389873981, 0.06951956450939178, 0.03415593504905701, 0.046961937099695206, -0.00957519467920065, -0.03857678547501564, 0.14143210649490356, 0.07264947146177292, 0.008076639845967293, 0.06018226221203804, 0.03654409945011139, -0.017137257382273674, -0.003144381335005164, -0.015296650119125843, 0.03297732025384903, 0.002855085302144289, 0.05627216398715973, -0.0003264377301093191, -0.058751605451107025, 0.026674939319491386, -0.07320718467235565, -0.003909028135240078, 0.012567226774990559, 0.012722167186439037, 0.02947019785642624, 0.03359343856573105, 0.08283001184463501, 0.005285125691443682, -0.06330648809671402, 0.017528101801872253, 0.05916314572095871, 0.052322644740343094, -0.011709615588188171, 0.029690613970160484, -0.05518268421292305, -0.04691140353679657, -0.06397349387407303, 0.07667162269353867, 0.0475856177508831, -0.0039922259747982025, 0.018166178837418556, -0.03313387930393219, -0.008361468091607094, 0.06409014016389847, -0.045458387583494186, 0.008938813582062721, 0.053938400000333786, -0.0060736313462257385, 0.03568083047866821, 0.025121532380580902, -0.015945538878440857, 0.025515295565128326, -0.008690042421221733, 0.042450811713933945, -0.027866510674357414, 0.04353872314095497, -0.10895741730928421, -0.017012210562825203, -0.00732383830472827, 0.0052641103975474834, 0.01402033120393753, 0.007362642791122198, 0.05149969458580017, 0.02444104477763176, -0.0027840768452733755, -0.04607577994465828, -0.020409340038895607, -0.033908721059560776, 0.021174537017941475, 0.029865313321352005, 0.058046963065862656, -0.014278305694460869, -0.01347536500543356, 0.041053157299757004, 0.0700378343462944, -0.0059951492585241795, 0.0007889617700129747, 0.02011215128004551, 0.016110703349113464, 0.01706044375896454, -0.0169146116822958, -0.0715235099196434, 0.01364569365978241, -0.016935698688030243, 0.026468191295862198, 0.054390452802181244, 0.05123075842857361, -0.03313199430704117, -0.06264501810073853, -0.027214888483285904, 0.008740173652768135, 0.0379006490111351, 0.029112327843904495, 0.028295719996094704, -0.07633836567401886, -0.032808735966682434, 0.0518321618437767, 0.07440613210201263, 0.033085308969020844, -0.049266207963228226, 0.025380097329616547, -0.014611202292144299, 0.02079847827553749, 0.030949179083108902, -0.007913066074252129, -0.012823717668652534, -0.01748332567512989, 0.0010700462153181434, 0.09002222120761871, -0.018213074654340744, -0.047108154743909836, -0.006348418537527323, -0.031038707122206688, 0.13516350090503693, -0.00849574338644743, 0.05476053059101105, -0.05770730599761009, 0.00469991797581315, 0.014698535203933716, 0.0073274290189146996, 0.051998320966959, 0.02902860753238201, -0.016362622380256653, 0.017854129895567894, -0.09652550518512726, -0.02447235956788063, -0.015264136716723442, -0.032095931470394135, -0.011208847165107727, -0.016378512606024742, 0.02444109320640564, -0.029520777985453606, -0.004722027573734522, -0.02860829420387745, 0.07521133869886398, 0.05516465753316879, -0.03186420723795891, 0.0390128493309021, -0.08728478103876114, -0.08009138703346252, 0.05412067100405693, 0.08365754038095474, 0.045711614191532135, 0.0023314037825912237, 0.014976797625422478, 0.011933749541640282, -0.06792453676462173, 0.03529905900359154, -0.005273280665278435, -0.07090599834918976, 0.059912290424108505, -0.04084029421210289, 0.018061814829707146, 0.006297603249549866, 0.03833617642521858, 0.03928470239043236, -0.09536363184452057, -0.07237456738948822, 0.1020478904247284, 0.03947928920388222, 0.0021486312616616488, 0.0005263020866550505, -0.02111618034541607, -0.022511405870318413, 0.0068752579391002655, -0.03673187270760536, 0.00753860455006361, 0.04152897000312805, -0.011689390987157822, -0.04976674169301987, 0.05895400047302246, -0.020274799317121506, 0.013884060084819794, 0.08688965439796448, 0.026890164241194725, 0.06686707586050034, -0.009816096164286137, 0.061493612825870514, 0.048452239483594894, -0.006394329015165567, 0.004385729786008596, -0.056862276047468185, -0.02172914706170559, -0.005959769710898399, 0.015323184430599213, 0.05626225098967552, -0.01687900722026825, -0.018723467364907265, -0.03070630505681038, 0.02161877229809761, -0.039471596479415894, -0.009517041966319084, 0.020791998133063316, 0.06339789927005768, 0.011917277239263058, -0.017771810293197632, 0.008928838185966015, -0.07413080334663391, -0.006823145784437656, 0.09892642498016357, -0.05186799541115761, 0.13698668777942657, 0.039265017956495285, 0.04663597419857979, -0.07116950303316116, 0.011498467065393925, 0.06592866778373718, -0.010678209364414215, -0.042471993714571, -0.010546637699007988, 0.08471793681383133, 0.029682455584406853, -0.054073117673397064, 0.013757293112576008, -0.05600253492593765, -0.08000243455171585, 0.02666011080145836, -0.06246355175971985, -0.0019427129300311208, 0.023364616557955742, -0.02584044821560383, 0.01039882842451334, -0.05090142413973808, 0.06596222519874573, 0.014627786353230476, 0.005378193221986294, 0.04620132967829704, -0.055453814566135406, -0.004438219591975212, -0.01749349758028984, 0.013942383229732513, -0.027768293395638466, 0.010397647507488728, 0.028415163978934288, 0.05140876770019531, -0.011192670091986656, -0.030924223363399506, 0.07204678654670715, 0.09917879104614258, -0.018147623166441917, 0.015296981669962406, -0.01501205749809742, -0.02912163734436035, -0.043838631361722946, -0.05673392489552498, -0.012198803015053272, 0.07247396558523178, -0.09791076183319092, 0.02571234665811062, 0.01884656585752964, -0.07021503895521164, 0.004866438917815685, -0.014360365457832813, -0.04111826419830322, -0.017401495948433876, -0.024365898221731186, -0.05439692363142967, -0.004941411316394806, -0.03269396722316742, -0.029956072568893433, -0.006416633725166321, 0.024739257991313934, -0.0044287689961493015, -0.11200013011693954, -0.03608299419283867, 0.02225484699010849, 0.007606137078255415, -0.004676853772252798, 0.045380983501672745, 0.04280097037553787, 0.02088828943669796, 0.02028018794953823, 0.033626046031713486, -0.0027197820600122213, 0.0035524938721209764, -0.09424673765897751, 0.024612855166196823, -0.03642860800027847, -0.02175305224955082, -0.004534810781478882, 0.02031673491001129, -0.011626438237726688, -0.06623949855566025, -0.10449761152267456, -0.07925117015838623, 0.04886115342378616, 0.03478401526808739, 0.02553425543010235, -0.08178861439228058, 0.01080185454338789, -0.039022430777549744, -0.06440576165914536, -0.052967991679906845, -0.014581923373043537, -0.0034787640906870365, 0.0012868924532085657, 0.025681162253022194, -0.02457335963845253, 0.06283094733953476, -0.005682331509888172, 0.009773661382496357, -0.037468548864126205, 0.08897726982831955, -0.07891026884317398, -0.018435152247548103, -0.01742555946111679, -0.009774384088814259, 0.023802394047379494, -0.043865177780389786, -0.019672781229019165, -0.0020365628879517317, 0.029044918715953827, 0.007571358699351549, -0.04976576939225197, 0.022268641740083694, 0.0650252103805542, -0.011973666027188301, 0.014223527163267136, -0.03590930625796318, 0.005200755782425404, 0.005516371689736843, 0.02631288208067417, 0.07065906375646591, 0.05517221614718437, 0.039516694843769073, -0.04807475954294205, -0.016152193769812584, -0.14750005304813385, -0.09259729832410812, -0.0007606957224197686, -0.07056289166212082, -0.009399590082466602, -0.058241620659828186, 0.04582727327942848, 0.020106730982661247, -0.022738564759492874, -0.017429476603865623, 0.02612251415848732, 0.04232502728700638, 0.05135016143321991, 0.04500628635287285, 0.018544921651482582, 0.030300267040729523, -0.02118396945297718, -0.03115452267229557, 0.06370971351861954, -0.025094786658883095, 0.009886949323117733, -0.014249308034777641, -0.02264314331114292, 0.036067888140678406, 0.0003499241138342768, -0.0030532884411513805, 0.010422666557133198, 0.014419980347156525, 0.02846057340502739, 0.05629827454686165, 0.02263927459716797, 0.0004021179338451475, 0.06343887001276016, -0.004573184996843338, 0.053326450288295746, -0.008574200794100761, 0.0007198012317530811, 0.014577132649719715, -0.0221722275018692, 0.03104083426296711, 0.02978966012597084, 0.07866352051496506, 0.05852517485618591, 0.0006534723215736449, -0.02565445564687252, -0.004275265149772167, -0.003019746858626604, -0.024964453652501106, -0.05368644744157791, 0.031376924365758896, -0.03420202061533928, -0.021802512928843498, -0.025888433679938316, 0.04320555552840233, -0.07296594977378845, -7.505933899665251e-05, -0.015542061999440193, 0.03775331377983093, -0.01628929004073143, 0.026720289140939713, -0.06993155926465988, -0.031061816960573196, 0.010997028090059757, -0.015789862722158432, -0.026903530582785606, 0.12609298527240753, -0.02176617458462715, -0.02971484139561653, 0.03383217751979828, 0.054311204701662064, 0.003158469684422016, 0.039615169167518616, 1.494294610893121e-05, 0.006089277099817991, -0.039608538150787354, 0.05869424715638161, 0.0646890327334404, 0.025580115616321564, 0.002288469113409519, -0.05128224939107895, -0.037743810564279556, -0.02981736697256565, 0.04263131693005562, 0.06767772883176804, 0.05217108502984047, 0.0172562338411808, -0.003348221071064472, 0.07369217276573181, -0.0753290206193924, 0.005391988437622786, -0.03563428297638893, -0.029408011585474014, 0.0432683564722538, -0.01672353781759739, -0.013633533380925655, 0.006639744155108929, -0.014385037124156952, -0.027075015008449554, -0.027293246239423752, 0.049356911331415176, -0.014787719585001469, 0.021701961755752563, -0.03937279060482979, -0.06935854256153107, 0.04262487590312958, -0.02617216296494007, -0.1254175901412964, 0.026810308918356895, -0.017163200303912163, 0.038798391819000244, -0.12171656638383865, 0.008438009768724442, -0.041222549974918365, 0.06532426178455353, -0.06070060655474663, 0.050824444741010666, 0.006655134726315737, -0.027643274515867233, 0.051622044295072556, -0.0446736216545105, 0.057156238704919815, 0.01063499879091978, -0.08533400297164917, -0.021630428731441498, -0.13101182878017426, 0.08747069537639618, 0.005994085688143969, -0.013561578467488289, -0.013442783616483212, -0.0012377473758533597, 0.043308649212121964, 0.009609810076653957, 0.0413116030395031, 0.022541088983416557, 0.02355474792420864, 0.10415153205394745, 0.06323961913585663, 0.006358964368700981, -0.06156698241829872, -0.017653172835707664, 0.06992887705564499, 0.040008388459682465, -0.026454180479049683, -0.026181545108556747, 0.011035938747227192, -0.021213818341493607, 0.04888619855046272, 0.036622304469347, -0.01746346428990364, -0.05717103183269501, 0.0245001632720232, -0.05977674573659897, 0.012144062668085098, 0.011237903498113155, 0.0062005361542105675, -0.07667335122823715, 0.050216928124427795, -0.0009195244638249278, -0.01639324240386486, -0.02542896568775177, 0.01951741613447666, -0.05777885764837265, -0.003919553942978382, 0.06240038201212883, -0.013504071161150932, -0.04947403073310852, 0.003917711321264505])
2025-08-20 00:25:51,278 - INFO - Starting verification for emp_002
2025-08-20 00:27:25,640 - INFO - Starting verification for emp_002
2025-08-20 00:28:03,133 - INFO - Starting verification for emp_002
2025-08-20 00:28:55,922 - INFO - Starting verification for emp_002
2025-08-20 00:28:56,419 - INFO - <class 'tuple'>
2025-08-20 00:29:22,507 - INFO - Starting verification for emp_002
2025-08-20 00:29:24,662 - INFO - 4
2025-08-20 00:30:04,443 - INFO - Starting verification for emp_002
2025-08-20 00:30:04,915 - INFO - 4
2025-08-20 00:31:14,280 - INFO - Starting verification for emp_002
2025-08-20 00:31:14,750 - INFO - 4
2025-08-20 00:31:38,763 - INFO - Starting verification for emp_002
2025-08-20 00:31:39,192 - INFO - 4
2025-08-20 00:31:39,205 - INFO - emp_002 - Verification FAIL in 0.441 sec | Best Similarity: 0.0960 | Image: 2
2025-08-20 00:32:23,648 - INFO - Starting verification for emp_002
2025-08-20 00:32:24,126 - INFO - 4
2025-08-20 00:32:24,129 - INFO - emp_002 - Verification FAIL in 0.482 sec | Best Similarity: 0.0960 | Image: 2
2025-08-20 00:32:44,220 - INFO - Starting verification for emp_002
2025-08-20 00:32:44,614 - INFO - 4
2025-08-20 00:32:44,616 - INFO - emp_002 - Verification FAIL in 0.396 sec | Best Similarity: 0.0960 | Image: 2
2025-08-20 00:32:53,086 - INFO - Starting verification for emp_002
2025-08-20 00:32:55,212 - INFO - 4
2025-08-20 00:32:55,212 - INFO - emp_002 - Verification SUCCESS in 2.126 sec | Best Similarity: 0.7009 | Image: 1
2025-08-20 00:33:27,091 - INFO - Starting verification for emp_002
2025-08-20 00:33:28,378 - INFO - 4
2025-08-20 00:33:28,386 - INFO - emp_002 - Verification SUCCESS in 1.295 sec | Best Similarity: 0.7009 | Image: 1
2025-08-20 01:07:26,255 - WARNING - Employee 'emp_005' not found in database
2025-08-20 01:07:38,245 - INFO - Starting verification for emp_002
2025-08-20 01:07:40,311 - INFO - 4
2025-08-20 01:07:40,311 - INFO - emp_002 - Verification SUCCESS in 2.066 sec | Best Similarity: 0.7051 | Image: 1
2025-08-20 01:12:12,036 - INFO - Starting verification for emp_002
2025-08-20 01:12:14,129 - INFO - 4
2025-08-20 01:12:14,137 - INFO - emp_002 - Verification PARTIAL in 2.101 sec | Best Similarity: 0.6474 | Image: 2
2025-08-20 09:42:09,180 - INFO - Starting verification for emp_002
2025-08-20 09:42:09,524 - INFO - 4
2025-08-20 09:42:09,527 - INFO - emp_002 - Verification SUCCESS in 0.346 sec | Best Similarity: 0.7481 | Image: 2
2025-08-20 09:46:24,251 - INFO - Starting verification for emp_002
2025-08-20 09:46:24,565 - INFO - emp_002 - Verification PARTIAL in 0.314 sec | Best Similarity: 0.6884 | Image: 2
2025-08-20 09:47:01,877 - INFO - Starting verification for emp_002
2025-08-20 09:47:01,916 - WARNING - emp_002 - Face not detected in input image
2025-08-20 10:41:25,499 - INFO - Starting verification for emp_002
2025-08-20 10:41:25,864 - INFO - emp_002 - Verification FAIL in 0.366 sec | Best Similarity: 0.1169 | Image: 1
2025-08-20 10:41:33,982 - INFO - Starting verification for emp_002
2025-08-20 10:41:34,368 - INFO - emp_002 - Verification SUCCESS in 0.385 sec | Best Similarity: 0.7158 | Image: 2
2025-08-20 10:54:25,536 - INFO - Starting verification for emp_002
2025-08-20 10:54:25,920 - INFO - emp_002 - Verification SUCCESS in 0.384 sec | Best Similarity: 0.7223 | Image: 2
2025-08-20 10:56:32,389 - INFO - Starting verification for emp_002
2025-08-20 10:56:32,759 - INFO - emp_002 - Verification SUCCESS in 0.370 sec | Best Similarity: 0.7391 | Image: 2
2025-08-20 10:57:19,289 - INFO - Starting verification for emp_002
2025-08-20 10:57:19,718 - INFO - emp_002 - Verification SUCCESS in 0.429 sec | Best Similarity: 0.7391 | Image: 2
2025-08-20 11:10:33,499 - INFO - Starting verification for emp_002
2025-08-20 11:10:35,662 - INFO - emp_002 - Verification SUCCESS in 2.163 sec | Best Similarity: 0.7100 | Image: 2
2025-08-20 11:28:40,687 - INFO - Starting verification for emp_002
2025-08-20 11:28:42,801 - INFO - emp_002 - Verification FAIL in 2.114 sec | Best Similarity: 0.1687 | Image: 2
2025-08-20 11:28:53,673 - INFO - Starting verification for emp_002
2025-08-20 11:28:53,799 - WARNING - emp_002 - Face not detected in input image
2025-08-20 11:29:13,681 - INFO - Starting verification for emp_002
2025-08-20 11:29:13,861 - WARNING - emp_002 - Face not detected in input image
2025-08-20 11:33:56,621 - INFO - Starting verification for emp_002
2025-08-20 11:33:56,780 - WARNING - emp_002 - Face not detected in input image
2025-08-20 11:34:36,964 - INFO - Starting verification for emp_002
2025-08-20 11:34:37,117 - WARNING - emp_002 - Face not detected in input image
2025-08-20 11:35:21,966 - INFO - Starting verification for emp_002
2025-08-20 11:35:24,109 - INFO - emp_002 - Verification SUCCESS in 2.142 sec | Best Similarity: 0.7237 | Image: 1
2025-08-20 11:39:57,512 - INFO - Starting verification for emp_002
2025-08-20 11:39:57,680 - WARNING - emp_002 - Face not detected in input image
2025-08-20 11:40:57,427 - INFO - Starting verification for emp_002
2025-08-20 11:40:57,466 - WARNING - emp_002 - Face not detected in input image
2025-08-20 11:41:55,735 - INFO - Starting verification for emp_002
2025-08-20 11:41:55,905 - WARNING - emp_002 - Face not detected in input image
2025-08-20 11:45:42,234 - INFO - Starting verification for emp_002
2025-08-20 11:45:46,252 - INFO - emp_002 - Verification SUCCESS in 4.018 sec | Best Similarity: 0.7549 | Image: 2
2025-08-20 11:47:00,244 - INFO - Starting verification for emp_002
2025-08-20 11:47:02,396 - INFO - emp_002 - Verification SUCCESS in 2.152 sec | Best Similarity: 0.7074 | Image: 1
2025-08-20 11:57:13,327 - INFO - Starting verification for emp_002
2025-08-20 11:57:13,493 - WARNING - emp_002 - Face not detected in input image
2025-08-20 11:57:27,084 - WARNING - Employee 'emp_005' not found in database
2025-08-20 11:59:50,372 - INFO - Starting verification for emp_002
2025-08-20 11:59:52,416 - INFO - emp_002 - Verification FAIL in 2.044 sec | Best Similarity: 0.0778 | Image: 3
2025-08-20 12:00:12,734 - WARNING - Employee 'emp_005' not found in database
2025-08-20 12:10:37,024 - WARNING - Employee 'emp_005' not found in database
2025-08-20 12:11:00,187 - INFO - Starting verification for emp_002
2025-08-20 12:11:00,354 - WARNING - emp_002 - Face not detected in input image
2025-08-20 12:56:44,844 - INFO - Starting verification for emp_004
2025-08-20 12:56:46,939 - INFO - emp_004 - Verification FAIL in 2.094 sec | Best Similarity: 0.0289 | Image: 2
2025-08-20 12:56:58,042 - INFO - Starting verification for emp_004
2025-08-20 12:56:58,215 - WARNING - emp_004 - Face not detected in input image
2025-08-20 12:57:19,366 - INFO - Starting verification for emp_004
2025-08-20 12:57:21,466 - INFO - emp_004 - Verification SUCCESS in 2.100 sec | Best Similarity: 1.0000 | Image: 1
2025-08-20 12:57:55,114 - INFO - Starting verification for emp_004
2025-08-20 12:57:57,215 - INFO - emp_004 - Verification SUCCESS in 2.099 sec | Best Similarity: 1.0000 | Image: 1
2025-08-20 12:57:57,236 - INFO - Starting verification for emp_004
2025-08-20 12:57:59,390 - INFO - emp_004 - Verification SUCCESS in 2.154 sec | Best Similarity: 0.7745 | Image: 1
2025-08-20 12:58:10,569 - INFO - Starting verification for emp_004
2025-08-20 12:58:12,619 - INFO - emp_004 - Verification SUCCESS in 2.050 sec | Best Similarity: 1.0000 | Image: 1
2025-08-20 12:58:26,208 - INFO - Starting verification for emp_004
2025-08-20 12:58:28,263 - INFO - emp_004 - Verification SUCCESS in 2.055 sec | Best Similarity: 1.0000 | Image: 1
2025-08-20 12:58:28,289 - INFO - Starting verification for emp_004
2025-08-20 12:58:32,281 - INFO - emp_004 - Verification FAIL in 3.991 sec | Best Similarity: 0.0190 | Image: 1
2025-08-20 12:58:40,421 - INFO - Starting verification for emp_004
2025-08-20 12:58:42,488 - INFO - emp_004 - Verification SUCCESS in 2.067 sec | Best Similarity: 1.0000 | Image: 1
2025-08-20 12:58:58,983 - INFO - Starting verification for emp_004
2025-08-20 12:59:01,086 - INFO - emp_004 - Verification SUCCESS in 2.104 sec | Best Similarity: 1.0000 | Image: 1
2025-08-20 12:59:01,105 - INFO - Starting verification for emp_004
2025-08-20 12:59:05,081 - INFO - emp_004 - Verification SUCCESS in 3.976 sec | Best Similarity: 0.7031 | Image: 1
2025-08-20 12:59:50,600 - INFO - Starting verification for emp_004
2025-08-20 12:59:52,699 - INFO - emp_004 - Verification SUCCESS in 2.099 sec | Best Similarity: 1.0000 | Image: 1
2025-08-20 13:00:40,146 - INFO - Starting verification for emp_005
2025-08-20 13:00:42,253 - INFO - emp_005 - Verification FAIL in 2.106 sec | Best Similarity: 0.0860 | Image: 1
2025-08-20 13:00:42,282 - INFO - Starting verification for emp_005
2025-08-20 13:00:44,369 - INFO - emp_005 - Verification PARTIAL in 2.087 sec | Best Similarity: 0.5847 | Image: 1
2025-08-20 13:00:54,586 - INFO - Starting verification for emp_005
2025-08-20 13:00:59,008 - INFO - emp_005 - Verification FAIL in 4.421 sec | Best Similarity: 0.0860 | Image: 1
2025-08-20 13:00:59,481 - INFO - Starting verification for emp_005
2025-08-20 13:01:01,578 - INFO - emp_005 - Verification FAIL in 2.097 sec | Best Similarity: 0.0860 | Image: 1
2025-08-20 13:01:01,598 - INFO - Starting verification for emp_005
2025-08-20 13:01:03,707 - INFO - emp_005 - Verification PARTIAL in 2.109 sec | Best Similarity: 0.5681 | Image: 1
2025-08-20 13:01:17,444 - INFO - Starting verification for emp_005
2025-08-20 13:01:20,336 - INFO - emp_005 - Verification FAIL in 2.892 sec | Best Similarity: 0.0860 | Image: 1
2025-08-20 13:01:22,336 - INFO - Starting verification for emp_005
2025-08-20 13:01:24,410 - INFO - emp_005 - Verification FAIL in 2.075 sec | Best Similarity: 0.0860 | Image: 1
2025-08-20 13:01:24,431 - INFO - Starting verification for emp_005
2025-08-20 13:01:26,592 - INFO - emp_005 - Verification PARTIAL in 2.162 sec | Best Similarity: 0.6349 | Image: 1
